#
# A fatal error has been detected by the Java Runtime Environment:
#
#  EXCEPTION_ACCESS_VIOLATION (0xc0000005) at pc=0x0000000053e5ba43, pid=42280, tid=3560
#
# JRE version: Java(TM) SE Runtime Environment (17.0+35) (build 17+35-LTS-2724)
# Java VM: Java HotSpot(TM) 64-Bit Server VM (17+35-LTS-2724, mixed mode, sharing, tiered, compressed oops, compressed class ptrs, g1 gc, windows-amd64)
# Problematic frame:
# C  [gdx-box2d64.dll+0xba43]
#
# No core dump will be written. Minidumps are not enabled by default on client versions of Windows
#
# If you would like to submit a bug report, please visit:
#   https://bugreport.java.com/bugreport/crash.jsp
# The crash happened outside the Java Virtual Machine in native code.
# See problematic frame for where to report the bug.
#

---------------  S U M M A R Y ------------

Command Line: -Dfile.encoding=MS950 -XX:+ShowCodeDetailsInExceptionMessages com.mygdx.game.DesktopLauncher

Host: Intel(R) Core(TM) i9-10900KF CPU @ 3.70GHz, 20 cores, 63G,  Windows 10 , 64 bit Build 22000 (10.0.22000.675)
Time: Mon Jun  6 08:27:01 2022  Windows 10 , 64 bit Build 22000 (10.0.22000.675) elapsed time: 1.151530 seconds (0d 0h 0m 1s)

---------------  T H R E A D  ---------------

Current thread (0x0000017772b8f380):  JavaThread "main" [_thread_in_native, id=3560, stack(0x00000039e3300000,0x00000039e3400000)]

Stack: [0x00000039e3300000,0x00000039e3400000],  sp=0x00000039e33fe800,  free space=1018k
Native frames: (J=compiled Java code, j=interpreted, Vv=VM code, C=native code)
C  [gdx-box2d64.dll+0xba43]

Java frames: (J=compiled Java code, j=interpreted, Vv=VM code)
j  com.badlogic.gdx.physics.box2d.World.jniCreateBody(JIFFFFFFFFZZZZZF)J+0
j  com.badlogic.gdx.physics.box2d.World.createBody(Lcom/badlogic/gdx/physics/box2d/BodyDef;)Lcom/badlogic/gdx/physics/box2d/Body;+80
j  com.mygdx.game.objects.GameObject.addSlaveBody(Lcom/badlogic/gdx/physics/box2d/BodyDef;)Lcom/badlogic/gdx/physics/box2d/Body;+10
j  com.mygdx.game.Script.Ground.makeAddBulletSpeed()V+56
j  com.mygdx.game.Script.Ground.Update()V+59
j  com.mygdx.game.objects.GameObject.Update()V+88
j  com.mygdx.game.objects.GameScreen.update()V+29
j  com.mygdx.game.objects.GameScreen.render(F)V+6
j  com.mygdx.game.Screen.PlayScreen.render(F)V+2
j  com.badlogic.gdx.Game.render()V+19
j  com.mygdx.game.MyGdxGame.render()V+1
j  com.badlogic.gdx.backends.lwjgl3.Lwjgl3Window.update()Z+187
j  com.badlogic.gdx.backends.lwjgl3.Lwjgl3Application.loop()V+111
j  com.badlogic.gdx.backends.lwjgl3.Lwjgl3Application.<init>(Lcom/badlogic/gdx/ApplicationListener;Lcom/badlogic/gdx/backends/lwjgl3/Lwjgl3ApplicationConfiguration;)V+269
j  com.mygdx.game.DesktopLauncher.main([Ljava/lang/String;)V+46
v  ~StubRoutines::call_stub

siginfo: EXCEPTION_ACCESS_VIOLATION (0xc0000005), reading address 0x0000002600000002


Register to memory mapping:

RIP=0x0000000053e5ba43 gdx-box2d64.dll
RAX=0x0000000053e9f060 gdx-box2d64.dll
RBX=0x0000002600000002 is an unknown value
RCX=0x000001773635bd70 points into unknown readable memory: 0x0000017736375100 | 00 51 37 36 77 01 00 00
RDX=0x00000000000000b8 is an unknown value
RSP=0x00000039e33fe800 is pointing into the stack for thread: 0x0000017772b8f380
RBP=0x000001773635bda0 points into unknown readable memory: 0x0000000000000000 | 00 00 00 00 00 00 00 00
RSI=0x000001773635bd70 points into unknown readable memory: 0x0000017736375100 | 00 51 37 36 77 01 00 00
RDI=0x0000017733ffbeb0 is pointing into metadata
R8 =0x000001773635bd70 points into unknown readable memory: 0x0000017736375100 | 00 51 37 36 77 01 00 00
R9 =0x0000000000000002 is an unknown value
R10=0x0 is NULL
R11=0x0000000000000001 is an unknown value
R12=0x0000000000000006 is an unknown value
R13={method} {0x0000017733eb4628} 'jniCreateBody' '(JIFFFFFFFFZZZZZF)J' in 'com/badlogic/gdx/physics/box2d/World'
R14=0x00000039e33fead8 is pointing into the stack for thread: 0x0000017772b8f380
R15=0x0000017772b8f380 is a thread


Registers:
RAX=0x0000000053e9f060, RBX=0x0000002600000002, RCX=0x000001773635bd70, RDX=0x00000000000000b8
RSP=0x00000039e33fe800, RBP=0x000001773635bda0, RSI=0x000001773635bd70, RDI=0x0000017733ffbeb0
R8 =0x000001773635bd70, R9 =0x0000000000000002, R10=0x0000000000000000, R11=0x0000000000000001
R12=0x0000000000000006, R13=0x0000017733eb4620, R14=0x00000039e33fead8, R15=0x0000017772b8f380
RIP=0x0000000053e5ba43, EFLAGS=0x0000000000010202

Top of Stack: (sp=0x00000039e33fe800)
0x00000039e33fe800:   0000000000000020 0000017772b8f380
0x00000039e33fe810:   00000039e33fe930 0000000000000001
0x00000039e33fe820:   0000017733eb4620 0000017772b8f380
0x00000039e33fe830:   00007ffe0fbae738 000001773635bd70
0x00000039e33fe840:   00000039e33fe8e0 0000017733ffbeb0
0x00000039e33fe850:   00000039e33fea30 0000000000000000
0x00000039e33fe860:   0000017733eb4620 0000000053e70e22
0x00000039e33fe870:   00000039e33fea48 00000039e33fe9c0
0x00000039e33fe880:   00000039e33fe920 00000039e33fe920
0x00000039e33fe890:   0000003900000003 0000017733eb4620
0x00000039e33fe8a0:   0000017772b8f380 0000000000000001
0x00000039e33fe8b0:   0000017733ffbeb0 0000000053e766e6
0x00000039e33fe8c0:   0000017772b8f380 00000039e33fead8
0x00000039e33fe8d0:   00000039e33fea30 0000017700008f0b
0x00000039e33fe8e0:   0000000000000002 0000000000000000
0x00000039e33fe8f0:   0000000000000000 0000000000000000 

Instructions: (pc=0x0000000053e5ba43)
0x0000000053e5b943:   f6 48 8d 2d b5 16 03 00 48 8d 3d 0e 37 04 00 4c
0x0000000053e5b953:   8d 2d f7 31 03 00 4c 8d 25 55 32 03 00 eb 1a 83
0x0000000053e5b963:   fe 0d 7e 11 41 b8 49 00 00 00 4c 89 ea 4c 89 e1
0x0000000053e5b973:   e8 18 82 02 00 48 83 c3 01 48 63 c6 39 5c 85 00
0x0000000053e5b983:   7d 03 83 c6 01 48 81 fb 80 02 00 00 40 88 34 1f
0x0000000053e5b993:   75 cd c6 05 a4 36 04 00 01 48 83 c4 28 5b 5e 5f
0x0000000053e5b9a3:   5d 41 5c 41 5d c3 90 66 0f 1f 44 00 00 57 56 53
0x0000000053e5b9b3:   48 83 ec 20 8b 41 08 48 89 cf 85 c0 7e 1d 31 f6
0x0000000053e5b9c3:   31 db 48 8b 07 83 c3 01 48 8b 4c 30 08 48 83 c6
0x0000000053e5b9d3:   10 e8 a7 08 00 00 39 5f 08 7f e7 48 8b 0f 48 83
0x0000000053e5b9e3:   c4 20 5b 5e 5f e9 93 08 00 00 90 66 90 41 55 41
0x0000000053e5b9f3:   54 55 57 56 53 48 83 ec 38 48 63 da 48 89 ce 83
0x0000000053e5ba03:   fb 00 0f 84 95 01 00 00 0f 8e 6f 01 00 00 81 fb
0x0000000053e5ba13:   80 02 00 00 0f 8f 23 01 00 00 48 8d 05 3c 36 04
0x0000000053e5ba23:   00 44 0f b6 24 18 41 80 fc 0d 4c 89 e3 0f 87 da
0x0000000053e5ba33:   00 00 00 48 8d 2c de 48 8b 5d 10 48 85 db 74 1d
0x0000000053e5ba43:   48 8b 03 48 89 45 10 48 89 d8 48 83 c4 38 5b 5e
0x0000000053e5ba53:   5f 5d 41 5c 41 5d c3 66 0f 1f 44 00 00 48 63 46
0x0000000053e5ba63:   08 4c 8b 2e 3b 46 0c 0f 84 40 01 00 00 48 c1 e0
0x0000000053e5ba73:   04 b9 00 40 00 00 4d 63 e4 49 8d 7c 05 00 e8 ea
0x0000000053e5ba83:   07 00 00 48 89 c3 48 89 47 08 48 8d 05 6c 15 03
0x0000000053e5ba93:   00 46 8b 24 a0 b8 00 40 00 00 99 41 f7 fc 45 89
0x0000000053e5baa3:   e5 44 89 27 44 0f af e8 41 81 fd 00 40 00 00 0f
0x0000000053e5bab3:   8f 9b 00 00 00 83 f8 01 7e 23 49 63 d4 83 e8 01
0x0000000053e5bac3:   45 31 c0 49 89 d1 48 8d 0c 13 49 f7 d9 41 83 c0
0x0000000053e5bad3:   01 4a 89 0c 09 48 01 d1 41 39 c0 75 f0 45 29 e5
0x0000000053e5bae3:   4d 63 ed 4a c7 04 2b 00 00 00 00 48 8b 03 48 89
0x0000000053e5baf3:   45 10 83 46 08 01 48 89 d8 48 83 c4 38 5b 5e 5f
0x0000000053e5bb03:   5d 41 5c 41 5d c3 0f 1f 80 00 00 00 00 48 8d 15
0x0000000053e5bb13:   39 30 03 00 48 8d 0d b2 30 03 00 48 8d 2c de 41
0x0000000053e5bb23:   b8 70 00 00 00 e8 63 80 02 00 48 8b 5d 10 48 85
0x0000000053e5bb33:   db 0f 85 09 ff ff ff e9 21 ff ff ff 90 89 d9 48 


Stack slot to memory mapping:
stack at sp + 0 slots: 0x0000000000000020 is an unknown value
stack at sp + 1 slots: 0x0000017772b8f380 is a thread
stack at sp + 2 slots: 0x00000039e33fe930 is pointing into the stack for thread: 0x0000017772b8f380
stack at sp + 3 slots: 0x0000000000000001 is an unknown value
stack at sp + 4 slots: {method} {0x0000017733eb4628} 'jniCreateBody' '(JIFFFFFFFFZZZZZF)J' in 'com/badlogic/gdx/physics/box2d/World'
stack at sp + 5 slots: 0x0000017772b8f380 is a thread
stack at sp + 6 slots: 0x00007ffe0fbae738 jvm.dll
stack at sp + 7 slots: 0x000001773635bd70 points into unknown readable memory: 0x0000017736375100 | 00 51 37 36 77 01 00 00


---------------  P R O C E S S  ---------------

Threads class SMR info:
_java_thread_list=0x0000017736e6d0c0, length=15, elements={
0x0000017772b8f380, 0x000001777f105500, 0x000001777f106b10, 0x0000017733284a20,
0x00000177332852e0, 0x0000017733286430, 0x0000017733287580, 0x000001777f1257c0,
0x000001777f128cf0, 0x000001777f12b210, 0x00000177333a7710, 0x00000177333a9c30,
0x00000177333d2580, 0x00000177333d5ea0, 0x0000017736dbdf10
}

Java Threads: ( => current thread )
=>0x0000017772b8f380 JavaThread "main" [_thread_in_native, id=3560, stack(0x00000039e3300000,0x00000039e3400000)]
  0x000001777f105500 JavaThread "Reference Handler" daemon [_thread_blocked, id=45140, stack(0x00000039e3a00000,0x00000039e3b00000)]
  0x000001777f106b10 JavaThread "Finalizer" daemon [_thread_blocked, id=11536, stack(0x00000039e3b00000,0x00000039e3c00000)]
  0x0000017733284a20 JavaThread "Signal Dispatcher" daemon [_thread_blocked, id=14436, stack(0x00000039e3c00000,0x00000039e3d00000)]
  0x00000177332852e0 JavaThread "Attach Listener" daemon [_thread_blocked, id=45112, stack(0x00000039e3d00000,0x00000039e3e00000)]
  0x0000017733286430 JavaThread "Service Thread" daemon [_thread_blocked, id=45300, stack(0x00000039e3e00000,0x00000039e3f00000)]
  0x0000017733287580 JavaThread "Monitor Deflation Thread" daemon [_thread_blocked, id=39964, stack(0x00000039e3f00000,0x00000039e4000000)]
  0x000001777f1257c0 JavaThread "C2 CompilerThread0" daemon [_thread_blocked, id=38080, stack(0x00000039e4000000,0x00000039e4100000)]
  0x000001777f128cf0 JavaThread "C1 CompilerThread0" daemon [_thread_blocked, id=4376, stack(0x00000039e4100000,0x00000039e4200000)]
  0x000001777f12b210 JavaThread "Sweeper thread" daemon [_thread_blocked, id=44476, stack(0x00000039e4200000,0x00000039e4300000)]
  0x00000177333a7710 JavaThread "C1 CompilerThread1" daemon [_thread_blocked, id=44912, stack(0x00000039e4300000,0x00000039e4400000)]
  0x00000177333a9c30 JavaThread "C1 CompilerThread2" daemon [_thread_blocked, id=44840, stack(0x00000039e4400000,0x00000039e4500000)]
  0x00000177333d2580 JavaThread "Notification Thread" daemon [_thread_blocked, id=45436, stack(0x00000039e4500000,0x00000039e4600000)]
  0x00000177333d5ea0 JavaThread "Common-Cleaner" daemon [_thread_blocked, id=34252, stack(0x00000039e4700000,0x00000039e4800000)]
  0x0000017736dbdf10 JavaThread "LWJGL3 Timer" daemon [_thread_blocked, id=42128, stack(0x00000039e5300000,0x00000039e5400000)]

Other Threads:
  0x000001777f100d60 VMThread "VM Thread" [stack: 0x00000039e3900000,0x00000039e3a00000] [id=44720]
  0x00000177333d2a50 WatcherThread [stack: 0x00000039e4600000,0x00000039e4700000] [id=24756]
  0x0000017772c47fe0 GCTaskThread "GC Thread#0" [stack: 0x00000039e3400000,0x00000039e3500000] [id=28656]
  0x000001777ef3c7f0 ConcurrentGCThread "G1 Main Marker" [stack: 0x00000039e3500000,0x00000039e3600000] [id=45172]
  0x0000017772c4d140 ConcurrentGCThread "G1 Conc#0" [stack: 0x00000039e3600000,0x00000039e3700000] [id=44500]
  0x000001777f0d6010 ConcurrentGCThread "G1 Refine#0" [stack: 0x00000039e3700000,0x00000039e3800000] [id=18848]
  0x000001777f0d6a30 ConcurrentGCThread "G1 Service" [stack: 0x00000039e3800000,0x00000039e3900000] [id=28596]

Threads with active compile tasks:

VM state: not at safepoint (normal execution)

VM Mutex/Monitor currently owned by a thread: None

Heap address: 0x0000000401800000, size: 16360 MB, Compressed Oops mode: Zero based, Oop shift amount: 3

CDS archive(s) mapped at: [0x0000000800000000-0x0000000800bc0000-0x0000000800bc0000), size 12320768, SharedBaseAddress: 0x0000000800000000, ArchiveRelocationMode: 0.
Compressed class space mapped at: 0x0000000800c00000-0x0000000840c00000, reserved size: 1073741824
Narrow klass base: 0x0000000800000000, Narrow klass shift: 0, Narrow klass range: 0x100000000

GC Precious Log:
 CPUs: 20 total, 20 available
 Memory: 65433M
 Large Page Support: Disabled
 NUMA Support: Disabled
 Compressed Oops: Enabled (Zero based)
 Heap Region Size: 8M
 Heap Min Capacity: 8M
 Heap Initial Capacity: 1G
 Heap Max Capacity: 16360M
 Pre-touch: Disabled
 Parallel Workers: 15
 Concurrent Workers: 4
 Concurrent Refinement Workers: 15
 Periodic GC: Disabled

Heap:
 garbage-first heap   total 1048576K, used 16384K [0x0000000401800000, 0x0000000800000000)
  region size 8192K, 3 young (24576K), 0 survivors (0K)
 Metaspace       used 6081K, committed 6208K, reserved 1056768K
  class space    used 437K, committed 512K, reserved 1048576K

Heap Regions: E=young(eden), S=young(survivor), O=old, HS=humongous(starts), HC=humongous(continues), CS=collection set, F=free, OA=open archive, CA=closed archive, TAMS=top-at-mark-start (previous, next)
|   0|0x0000000401800000, 0x0000000401800000, 0x0000000402000000|  0%| F|  |TAMS 0x0000000401800000, 0x0000000401800000| Untracked 
|   1|0x0000000402000000, 0x0000000402000000, 0x0000000402800000|  0%| F|  |TAMS 0x0000000402000000, 0x0000000402000000| Untracked 
|   2|0x0000000402800000, 0x0000000402800000, 0x0000000403000000|  0%| F|  |TAMS 0x0000000402800000, 0x0000000402800000| Untracked 
|   3|0x0000000403000000, 0x0000000403000000, 0x0000000403800000|  0%| F|  |TAMS 0x0000000403000000, 0x0000000403000000| Untracked 
|   4|0x0000000403800000, 0x0000000403800000, 0x0000000404000000|  0%| F|  |TAMS 0x0000000403800000, 0x0000000403800000| Untracked 
|   5|0x0000000404000000, 0x0000000404000000, 0x0000000404800000|  0%| F|  |TAMS 0x0000000404000000, 0x0000000404000000| Untracked 
|   6|0x0000000404800000, 0x0000000404800000, 0x0000000405000000|  0%| F|  |TAMS 0x0000000404800000, 0x0000000404800000| Untracked 
|   7|0x0000000405000000, 0x0000000405000000, 0x0000000405800000|  0%| F|  |TAMS 0x0000000405000000, 0x0000000405000000| Untracked 
|   8|0x0000000405800000, 0x0000000405800000, 0x0000000406000000|  0%| F|  |TAMS 0x0000000405800000, 0x0000000405800000| Untracked 
|   9|0x0000000406000000, 0x0000000406000000, 0x0000000406800000|  0%| F|  |TAMS 0x0000000406000000, 0x0000000406000000| Untracked 
|  10|0x0000000406800000, 0x0000000406800000, 0x0000000407000000|  0%| F|  |TAMS 0x0000000406800000, 0x0000000406800000| Untracked 
|  11|0x0000000407000000, 0x0000000407000000, 0x0000000407800000|  0%| F|  |TAMS 0x0000000407000000, 0x0000000407000000| Untracked 
|  12|0x0000000407800000, 0x0000000407800000, 0x0000000408000000|  0%| F|  |TAMS 0x0000000407800000, 0x0000000407800000| Untracked 
|  13|0x0000000408000000, 0x0000000408000000, 0x0000000408800000|  0%| F|  |TAMS 0x0000000408000000, 0x0000000408000000| Untracked 
|  14|0x0000000408800000, 0x0000000408800000, 0x0000000409000000|  0%| F|  |TAMS 0x0000000408800000, 0x0000000408800000| Untracked 
|  15|0x0000000409000000, 0x0000000409000000, 0x0000000409800000|  0%| F|  |TAMS 0x0000000409000000, 0x0000000409000000| Untracked 
|  16|0x0000000409800000, 0x0000000409800000, 0x000000040a000000|  0%| F|  |TAMS 0x0000000409800000, 0x0000000409800000| Untracked 
|  17|0x000000040a000000, 0x000000040a000000, 0x000000040a800000|  0%| F|  |TAMS 0x000000040a000000, 0x000000040a000000| Untracked 
|  18|0x000000040a800000, 0x000000040a800000, 0x000000040b000000|  0%| F|  |TAMS 0x000000040a800000, 0x000000040a800000| Untracked 
|  19|0x000000040b000000, 0x000000040b000000, 0x000000040b800000|  0%| F|  |TAMS 0x000000040b000000, 0x000000040b000000| Untracked 
|  20|0x000000040b800000, 0x000000040b800000, 0x000000040c000000|  0%| F|  |TAMS 0x000000040b800000, 0x000000040b800000| Untracked 
|  21|0x000000040c000000, 0x000000040c000000, 0x000000040c800000|  0%| F|  |TAMS 0x000000040c000000, 0x000000040c000000| Untracked 
|  22|0x000000040c800000, 0x000000040c800000, 0x000000040d000000|  0%| F|  |TAMS 0x000000040c800000, 0x000000040c800000| Untracked 
|  23|0x000000040d000000, 0x000000040d000000, 0x000000040d800000|  0%| F|  |TAMS 0x000000040d000000, 0x000000040d000000| Untracked 
|  24|0x000000040d800000, 0x000000040d800000, 0x000000040e000000|  0%| F|  |TAMS 0x000000040d800000, 0x000000040d800000| Untracked 
|  25|0x000000040e000000, 0x000000040e000000, 0x000000040e800000|  0%| F|  |TAMS 0x000000040e000000, 0x000000040e000000| Untracked 
|  26|0x000000040e800000, 0x000000040e800000, 0x000000040f000000|  0%| F|  |TAMS 0x000000040e800000, 0x000000040e800000| Untracked 
|  27|0x000000040f000000, 0x000000040f000000, 0x000000040f800000|  0%| F|  |TAMS 0x000000040f000000, 0x000000040f000000| Untracked 
|  28|0x000000040f800000, 0x000000040f800000, 0x0000000410000000|  0%| F|  |TAMS 0x000000040f800000, 0x000000040f800000| Untracked 
|  29|0x0000000410000000, 0x0000000410000000, 0x0000000410800000|  0%| F|  |TAMS 0x0000000410000000, 0x0000000410000000| Untracked 
|  30|0x0000000410800000, 0x0000000410800000, 0x0000000411000000|  0%| F|  |TAMS 0x0000000410800000, 0x0000000410800000| Untracked 
|  31|0x0000000411000000, 0x0000000411000000, 0x0000000411800000|  0%| F|  |TAMS 0x0000000411000000, 0x0000000411000000| Untracked 
|  32|0x0000000411800000, 0x0000000411800000, 0x0000000412000000|  0%| F|  |TAMS 0x0000000411800000, 0x0000000411800000| Untracked 
|  33|0x0000000412000000, 0x0000000412000000, 0x0000000412800000|  0%| F|  |TAMS 0x0000000412000000, 0x0000000412000000| Untracked 
|  34|0x0000000412800000, 0x0000000412800000, 0x0000000413000000|  0%| F|  |TAMS 0x0000000412800000, 0x0000000412800000| Untracked 
|  35|0x0000000413000000, 0x0000000413000000, 0x0000000413800000|  0%| F|  |TAMS 0x0000000413000000, 0x0000000413000000| Untracked 
|  36|0x0000000413800000, 0x0000000413800000, 0x0000000414000000|  0%| F|  |TAMS 0x0000000413800000, 0x0000000413800000| Untracked 
|  37|0x0000000414000000, 0x0000000414000000, 0x0000000414800000|  0%| F|  |TAMS 0x0000000414000000, 0x0000000414000000| Untracked 
|  38|0x0000000414800000, 0x0000000414800000, 0x0000000415000000|  0%| F|  |TAMS 0x0000000414800000, 0x0000000414800000| Untracked 
|  39|0x0000000415000000, 0x0000000415000000, 0x0000000415800000|  0%| F|  |TAMS 0x0000000415000000, 0x0000000415000000| Untracked 
|  40|0x0000000415800000, 0x0000000415800000, 0x0000000416000000|  0%| F|  |TAMS 0x0000000415800000, 0x0000000415800000| Untracked 
|  41|0x0000000416000000, 0x0000000416000000, 0x0000000416800000|  0%| F|  |TAMS 0x0000000416000000, 0x0000000416000000| Untracked 
|  42|0x0000000416800000, 0x0000000416800000, 0x0000000417000000|  0%| F|  |TAMS 0x0000000416800000, 0x0000000416800000| Untracked 
|  43|0x0000000417000000, 0x0000000417000000, 0x0000000417800000|  0%| F|  |TAMS 0x0000000417000000, 0x0000000417000000| Untracked 
|  44|0x0000000417800000, 0x0000000417800000, 0x0000000418000000|  0%| F|  |TAMS 0x0000000417800000, 0x0000000417800000| Untracked 
|  45|0x0000000418000000, 0x0000000418000000, 0x0000000418800000|  0%| F|  |TAMS 0x0000000418000000, 0x0000000418000000| Untracked 
|  46|0x0000000418800000, 0x0000000418800000, 0x0000000419000000|  0%| F|  |TAMS 0x0000000418800000, 0x0000000418800000| Untracked 
|  47|0x0000000419000000, 0x0000000419000000, 0x0000000419800000|  0%| F|  |TAMS 0x0000000419000000, 0x0000000419000000| Untracked 
|  48|0x0000000419800000, 0x0000000419800000, 0x000000041a000000|  0%| F|  |TAMS 0x0000000419800000, 0x0000000419800000| Untracked 
|  49|0x000000041a000000, 0x000000041a000000, 0x000000041a800000|  0%| F|  |TAMS 0x000000041a000000, 0x000000041a000000| Untracked 
|  50|0x000000041a800000, 0x000000041a800000, 0x000000041b000000|  0%| F|  |TAMS 0x000000041a800000, 0x000000041a800000| Untracked 
|  51|0x000000041b000000, 0x000000041b000000, 0x000000041b800000|  0%| F|  |TAMS 0x000000041b000000, 0x000000041b000000| Untracked 
|  52|0x000000041b800000, 0x000000041b800000, 0x000000041c000000|  0%| F|  |TAMS 0x000000041b800000, 0x000000041b800000| Untracked 
|  53|0x000000041c000000, 0x000000041c000000, 0x000000041c800000|  0%| F|  |TAMS 0x000000041c000000, 0x000000041c000000| Untracked 
|  54|0x000000041c800000, 0x000000041c800000, 0x000000041d000000|  0%| F|  |TAMS 0x000000041c800000, 0x000000041c800000| Untracked 
|  55|0x000000041d000000, 0x000000041d000000, 0x000000041d800000|  0%| F|  |TAMS 0x000000041d000000, 0x000000041d000000| Untracked 
|  56|0x000000041d800000, 0x000000041d800000, 0x000000041e000000|  0%| F|  |TAMS 0x000000041d800000, 0x000000041d800000| Untracked 
|  57|0x000000041e000000, 0x000000041e000000, 0x000000041e800000|  0%| F|  |TAMS 0x000000041e000000, 0x000000041e000000| Untracked 
|  58|0x000000041e800000, 0x000000041e800000, 0x000000041f000000|  0%| F|  |TAMS 0x000000041e800000, 0x000000041e800000| Untracked 
|  59|0x000000041f000000, 0x000000041f000000, 0x000000041f800000|  0%| F|  |TAMS 0x000000041f000000, 0x000000041f000000| Untracked 
|  60|0x000000041f800000, 0x000000041f800000, 0x0000000420000000|  0%| F|  |TAMS 0x000000041f800000, 0x000000041f800000| Untracked 
|  61|0x0000000420000000, 0x0000000420000000, 0x0000000420800000|  0%| F|  |TAMS 0x0000000420000000, 0x0000000420000000| Untracked 
|  62|0x0000000420800000, 0x0000000420800000, 0x0000000421000000|  0%| F|  |TAMS 0x0000000420800000, 0x0000000420800000| Untracked 
|  63|0x0000000421000000, 0x0000000421000000, 0x0000000421800000|  0%| F|  |TAMS 0x0000000421000000, 0x0000000421000000| Untracked 
|  64|0x0000000421800000, 0x0000000421800000, 0x0000000422000000|  0%| F|  |TAMS 0x0000000421800000, 0x0000000421800000| Untracked 
|  65|0x0000000422000000, 0x0000000422000000, 0x0000000422800000|  0%| F|  |TAMS 0x0000000422000000, 0x0000000422000000| Untracked 
|  66|0x0000000422800000, 0x0000000422800000, 0x0000000423000000|  0%| F|  |TAMS 0x0000000422800000, 0x0000000422800000| Untracked 
|  67|0x0000000423000000, 0x0000000423000000, 0x0000000423800000|  0%| F|  |TAMS 0x0000000423000000, 0x0000000423000000| Untracked 
|  68|0x0000000423800000, 0x0000000423800000, 0x0000000424000000|  0%| F|  |TAMS 0x0000000423800000, 0x0000000423800000| Untracked 
|  69|0x0000000424000000, 0x0000000424000000, 0x0000000424800000|  0%| F|  |TAMS 0x0000000424000000, 0x0000000424000000| Untracked 
|  70|0x0000000424800000, 0x0000000424800000, 0x0000000425000000|  0%| F|  |TAMS 0x0000000424800000, 0x0000000424800000| Untracked 
|  71|0x0000000425000000, 0x0000000425000000, 0x0000000425800000|  0%| F|  |TAMS 0x0000000425000000, 0x0000000425000000| Untracked 
|  72|0x0000000425800000, 0x0000000425800000, 0x0000000426000000|  0%| F|  |TAMS 0x0000000425800000, 0x0000000425800000| Untracked 
|  73|0x0000000426000000, 0x0000000426000000, 0x0000000426800000|  0%| F|  |TAMS 0x0000000426000000, 0x0000000426000000| Untracked 
|  74|0x0000000426800000, 0x0000000426800000, 0x0000000427000000|  0%| F|  |TAMS 0x0000000426800000, 0x0000000426800000| Untracked 
|  75|0x0000000427000000, 0x0000000427000000, 0x0000000427800000|  0%| F|  |TAMS 0x0000000427000000, 0x0000000427000000| Untracked 
|  76|0x0000000427800000, 0x0000000427800000, 0x0000000428000000|  0%| F|  |TAMS 0x0000000427800000, 0x0000000427800000| Untracked 
|  77|0x0000000428000000, 0x0000000428000000, 0x0000000428800000|  0%| F|  |TAMS 0x0000000428000000, 0x0000000428000000| Untracked 
|  78|0x0000000428800000, 0x0000000428800000, 0x0000000429000000|  0%| F|  |TAMS 0x0000000428800000, 0x0000000428800000| Untracked 
|  79|0x0000000429000000, 0x0000000429000000, 0x0000000429800000|  0%| F|  |TAMS 0x0000000429000000, 0x0000000429000000| Untracked 
|  80|0x0000000429800000, 0x0000000429800000, 0x000000042a000000|  0%| F|  |TAMS 0x0000000429800000, 0x0000000429800000| Untracked 
|  81|0x000000042a000000, 0x000000042a000000, 0x000000042a800000|  0%| F|  |TAMS 0x000000042a000000, 0x000000042a000000| Untracked 
|  82|0x000000042a800000, 0x000000042a800000, 0x000000042b000000|  0%| F|  |TAMS 0x000000042a800000, 0x000000042a800000| Untracked 
|  83|0x000000042b000000, 0x000000042b000000, 0x000000042b800000|  0%| F|  |TAMS 0x000000042b000000, 0x000000042b000000| Untracked 
|  84|0x000000042b800000, 0x000000042b800000, 0x000000042c000000|  0%| F|  |TAMS 0x000000042b800000, 0x000000042b800000| Untracked 
|  85|0x000000042c000000, 0x000000042c000000, 0x000000042c800000|  0%| F|  |TAMS 0x000000042c000000, 0x000000042c000000| Untracked 
|  86|0x000000042c800000, 0x000000042c800000, 0x000000042d000000|  0%| F|  |TAMS 0x000000042c800000, 0x000000042c800000| Untracked 
|  87|0x000000042d000000, 0x000000042d000000, 0x000000042d800000|  0%| F|  |TAMS 0x000000042d000000, 0x000000042d000000| Untracked 
|  88|0x000000042d800000, 0x000000042d800000, 0x000000042e000000|  0%| F|  |TAMS 0x000000042d800000, 0x000000042d800000| Untracked 
|  89|0x000000042e000000, 0x000000042e000000, 0x000000042e800000|  0%| F|  |TAMS 0x000000042e000000, 0x000000042e000000| Untracked 
|  90|0x000000042e800000, 0x000000042e800000, 0x000000042f000000|  0%| F|  |TAMS 0x000000042e800000, 0x000000042e800000| Untracked 
|  91|0x000000042f000000, 0x000000042f000000, 0x000000042f800000|  0%| F|  |TAMS 0x000000042f000000, 0x000000042f000000| Untracked 
|  92|0x000000042f800000, 0x000000042f800000, 0x0000000430000000|  0%| F|  |TAMS 0x000000042f800000, 0x000000042f800000| Untracked 
|  93|0x0000000430000000, 0x0000000430000000, 0x0000000430800000|  0%| F|  |TAMS 0x0000000430000000, 0x0000000430000000| Untracked 
|  94|0x0000000430800000, 0x0000000430800000, 0x0000000431000000|  0%| F|  |TAMS 0x0000000430800000, 0x0000000430800000| Untracked 
|  95|0x0000000431000000, 0x0000000431000000, 0x0000000431800000|  0%| F|  |TAMS 0x0000000431000000, 0x0000000431000000| Untracked 
|  96|0x0000000431800000, 0x0000000431800000, 0x0000000432000000|  0%| F|  |TAMS 0x0000000431800000, 0x0000000431800000| Untracked 
|  97|0x0000000432000000, 0x0000000432000000, 0x0000000432800000|  0%| F|  |TAMS 0x0000000432000000, 0x0000000432000000| Untracked 
|  98|0x0000000432800000, 0x0000000432800000, 0x0000000433000000|  0%| F|  |TAMS 0x0000000432800000, 0x0000000432800000| Untracked 
|  99|0x0000000433000000, 0x0000000433000000, 0x0000000433800000|  0%| F|  |TAMS 0x0000000433000000, 0x0000000433000000| Untracked 
| 100|0x0000000433800000, 0x0000000433800000, 0x0000000434000000|  0%| F|  |TAMS 0x0000000433800000, 0x0000000433800000| Untracked 
| 101|0x0000000434000000, 0x0000000434000000, 0x0000000434800000|  0%| F|  |TAMS 0x0000000434000000, 0x0000000434000000| Untracked 
| 102|0x0000000434800000, 0x0000000434800000, 0x0000000435000000|  0%| F|  |TAMS 0x0000000434800000, 0x0000000434800000| Untracked 
| 103|0x0000000435000000, 0x0000000435000000, 0x0000000435800000|  0%| F|  |TAMS 0x0000000435000000, 0x0000000435000000| Untracked 
| 104|0x0000000435800000, 0x0000000435800000, 0x0000000436000000|  0%| F|  |TAMS 0x0000000435800000, 0x0000000435800000| Untracked 
| 105|0x0000000436000000, 0x0000000436000000, 0x0000000436800000|  0%| F|  |TAMS 0x0000000436000000, 0x0000000436000000| Untracked 
| 106|0x0000000436800000, 0x0000000436800000, 0x0000000437000000|  0%| F|  |TAMS 0x0000000436800000, 0x0000000436800000| Untracked 
| 107|0x0000000437000000, 0x0000000437000000, 0x0000000437800000|  0%| F|  |TAMS 0x0000000437000000, 0x0000000437000000| Untracked 
| 108|0x0000000437800000, 0x0000000437800000, 0x0000000438000000|  0%| F|  |TAMS 0x0000000437800000, 0x0000000437800000| Untracked 
| 109|0x0000000438000000, 0x0000000438000000, 0x0000000438800000|  0%| F|  |TAMS 0x0000000438000000, 0x0000000438000000| Untracked 
| 110|0x0000000438800000, 0x0000000438800000, 0x0000000439000000|  0%| F|  |TAMS 0x0000000438800000, 0x0000000438800000| Untracked 
| 111|0x0000000439000000, 0x0000000439000000, 0x0000000439800000|  0%| F|  |TAMS 0x0000000439000000, 0x0000000439000000| Untracked 
| 112|0x0000000439800000, 0x0000000439800000, 0x000000043a000000|  0%| F|  |TAMS 0x0000000439800000, 0x0000000439800000| Untracked 
| 113|0x000000043a000000, 0x000000043a000000, 0x000000043a800000|  0%| F|  |TAMS 0x000000043a000000, 0x000000043a000000| Untracked 
| 114|0x000000043a800000, 0x000000043a800000, 0x000000043b000000|  0%| F|  |TAMS 0x000000043a800000, 0x000000043a800000| Untracked 
| 115|0x000000043b000000, 0x000000043b000000, 0x000000043b800000|  0%| F|  |TAMS 0x000000043b000000, 0x000000043b000000| Untracked 
| 116|0x000000043b800000, 0x000000043b800000, 0x000000043c000000|  0%| F|  |TAMS 0x000000043b800000, 0x000000043b800000| Untracked 
| 117|0x000000043c000000, 0x000000043c000000, 0x000000043c800000|  0%| F|  |TAMS 0x000000043c000000, 0x000000043c000000| Untracked 
| 118|0x000000043c800000, 0x000000043c800000, 0x000000043d000000|  0%| F|  |TAMS 0x000000043c800000, 0x000000043c800000| Untracked 
| 119|0x000000043d000000, 0x000000043d000000, 0x000000043d800000|  0%| F|  |TAMS 0x000000043d000000, 0x000000043d000000| Untracked 
| 120|0x000000043d800000, 0x000000043d800000, 0x000000043e000000|  0%| F|  |TAMS 0x000000043d800000, 0x000000043d800000| Untracked 
| 121|0x000000043e000000, 0x000000043e000000, 0x000000043e800000|  0%| F|  |TAMS 0x000000043e000000, 0x000000043e000000| Untracked 
| 122|0x000000043e800000, 0x000000043e800000, 0x000000043f000000|  0%| F|  |TAMS 0x000000043e800000, 0x000000043e800000| Untracked 
| 123|0x000000043f000000, 0x000000043f000000, 0x000000043f800000|  0%| F|  |TAMS 0x000000043f000000, 0x000000043f000000| Untracked 
| 124|0x000000043f800000, 0x000000043f800000, 0x0000000440000000|  0%| F|  |TAMS 0x000000043f800000, 0x000000043f800000| Untracked 
| 125|0x0000000440000000, 0x00000004407cc000, 0x0000000440800000| 97%| E|  |TAMS 0x0000000440000000, 0x0000000440000000| Complete 
| 126|0x0000000440800000, 0x0000000441000000, 0x0000000441000000|100%| E|CS|TAMS 0x0000000440800000, 0x0000000440800000| Complete 
| 127|0x0000000441000000, 0x0000000441800000, 0x0000000441800000|100%| E|CS|TAMS 0x0000000441000000, 0x0000000441000000| Complete 

Card table byte_map: [0x000001777ce20000,0x000001777ee20000] _byte_map_base: 0x000001777ae14000

Marking Bits (Prev, Next): (CMBitMap*) 0x0000017772c485f0, (CMBitMap*) 0x0000017772c48630
 Prev Bits: [0x0000017711000000, 0x0000017720fa0000)
 Next Bits: [0x0000017720fa0000, 0x0000017730f40000)

Polling page: 0x0000017770b30000

Metaspace:

Usage:
  Non-class:      5.51 MB used.
      Class:    437.32 KB used.
       Both:      5.94 MB used.

Virtual space:
  Non-class space:        8.00 MB reserved,       5.56 MB ( 70%) committed,  1 nodes.
      Class space:        1.00 GB reserved,     512.00 KB ( <1%) committed,  1 nodes.
             Both:        1.01 GB reserved,       6.06 MB ( <1%) committed. 

Chunk freelists:
   Non-Class:  0 bytes
       Class:  3.41 MB
        Both:  3.41 MB

MaxMetaspaceSize: unlimited
CompressedClassSpaceSize: 1.00 GB
Initial GC threshold: 21.00 MB
Current GC threshold: 21.00 MB
CDS: on
MetaspaceReclaimPolicy: balanced
 - commit_granule_bytes: 65536.
 - commit_granule_words: 8192.
 - virtual_space_node_default_size: 1048576.
 - enlarge_chunks_in_place: 1.
 - new_chunks_are_fully_committed: 0.
 - uncommit_free_chunks: 1.
 - use_allocation_guard: 0.
 - handle_deallocations: 1.


Internal statistics:

num_allocs_failed_limit: 0.
num_arena_births: 66.
num_arena_deaths: 0.
num_vsnodes_births: 2.
num_vsnodes_deaths: 0.
num_space_committed: 95.
num_space_uncommitted: 0.
num_chunks_returned_to_freelist: 0.
num_chunks_taken_from_freelist: 239.
num_chunk_merges: 0.
num_chunk_splits: 170.
num_chunks_enlarged: 140.
num_purges: 0.
num_inconsistent_stats: 0.

CodeHeap 'non-profiled nmethods': size=119168Kb used=356Kb max_used=356Kb free=118811Kb
 bounds [0x0000017707ba0000, 0x0000017707e10000, 0x000001770f000000]
CodeHeap 'profiled nmethods': size=119104Kb used=1850Kb max_used=1850Kb free=117253Kb
 bounds [0x0000017700750000, 0x00000177009c0000, 0x0000017707ba0000]
CodeHeap 'non-nmethods': size=7488Kb used=2754Kb max_used=2775Kb free=4733Kb
 bounds [0x0000017700000000, 0x00000177002c0000, 0x0000017700750000]
 total_blobs=2161 nmethods=1094 adapters=978
 compilation: enabled
              stopped_count=0, restarted_count=0
 full_count=0

Compilation events (20 events):
Event: 1.112 Thread 0x00000177333a7710 1087       3       java.nio.ShortBuffer::limit (8 bytes)
Event: 1.112 Thread 0x000001777f128cf0 nmethod 1086 0x0000017700917a90 code [0x0000017700917c40, 0x0000017700917de8]
Event: 1.112 Thread 0x00000177333a9c30 nmethod 1083 0x0000017700917e90 code [0x0000017700918060, 0x00000177009187f8]
Event: 1.112 Thread 0x000001777f128cf0 1082       1       com.badlogic.gdx.graphics.g2d.Sprite::getHeight (5 bytes)
Event: 1.112 Thread 0x00000177333a7710 nmethod 1087 0x0000017700918990 code [0x0000017700918b20, 0x0000017700918c68]
Event: 1.112 Thread 0x000001777f128cf0 nmethod 1082 0x0000017707bf9010 code [0x0000017707bf91a0, 0x0000017707bf9278]
Event: 1.112 Thread 0x000001777f128cf0 1088       3       java.lang.StringBuilder::length (5 bytes)
Event: 1.112 Thread 0x000001777f128cf0 nmethod 1088 0x0000017700918d10 code [0x0000017700918ea0, 0x0000017700918fb8]
Event: 1.112 Thread 0x000001777f128cf0 1089       3       com.badlogic.gdx.graphics.glutils.ShaderProgram::setVertexAttribute (26 bytes)
Event: 1.112 Thread 0x00000177333a7710 1090       3       com.badlogic.gdx.backends.lwjgl3.Lwjgl3GL20::glVertexAttribPointer (311 bytes)
Event: 1.112 Thread 0x00000177333a9c30 1091       3       com.badlogic.gdx.graphics.glutils.IndexArray::getNumIndices (19 bytes)
Event: 1.112 Thread 0x00000177333a9c30 nmethod 1091 0x0000017700919090 code [0x0000017700919240, 0x00000177009193f8]
Event: 1.112 Thread 0x00000177333a9c30 1092       3       com.badlogic.gdx.utils.Array::iterator (43 bytes)
Event: 1.112 Thread 0x000001777f128cf0 nmethod 1089 0x0000017700919490 code [0x0000017700919660, 0x0000017700919958]
Event: 1.112 Thread 0x000001777f128cf0 1093       3       com.badlogic.gdx.utils.Array$ArrayIterable::iterator (135 bytes)
Event: 1.112 Thread 0x00000177333a9c30 nmethod 1092 0x0000017700919b10 code [0x0000017700919d00, 0x000001770091a308]
Event: 1.113 Thread 0x000001777f128cf0 nmethod 1093 0x000001770091a510 code [0x000001770091a700, 0x000001770091aef8]
Event: 1.113 Thread 0x00000177333a7710 nmethod 1090 0x000001770091b110 code [0x000001770091b660, 0x000001770091dc48]
Event: 1.127 Thread 0x00000177333a7710 1094       3       sun.util.locale.LocaleUtils::isAlpha (30 bytes)
Event: 1.128 Thread 0x00000177333a7710 nmethod 1094 0x000001770091e710 code [0x000001770091e8a0, 0x000001770091ea98]

GC Heap History (0 events):
No events

Deoptimization events (20 events):
Event: 0.176 Thread 0x0000017772b8f380 Uncommon trap: trap_request=0xffffff45 fr.pc=0x0000017707bad4c0 relative=0x0000000000000040
Event: 0.176 Thread 0x0000017772b8f380 Uncommon trap: reason=unstable_if action=reinterpret pc=0x0000017707bad4c0 method=sun.nio.fs.WindowsPathParser.isSlash(C)Z @ 9 c2
Event: 0.176 Thread 0x0000017772b8f380 DEOPT PACKING pc=0x0000017707bad4c0 sp=0x00000039e33fb780
Event: 0.176 Thread 0x0000017772b8f380 DEOPT UNPACKING pc=0x00000177000523a3 sp=0x00000039e33fb708 mode 2
Event: 0.302 Thread 0x0000017772b8f380 DEOPT PACKING pc=0x0000017700778abe sp=0x00000039e33fdf20
Event: 0.302 Thread 0x0000017772b8f380 DEOPT UNPACKING pc=0x0000017700052b43 sp=0x00000039e33fd398 mode 0
Event: 0.647 Thread 0x0000017772b8f380 Uncommon trap: trap_request=0xffffffde fr.pc=0x0000017707bc9078 relative=0x0000000000000438
Event: 0.647 Thread 0x0000017772b8f380 Uncommon trap: reason=class_check action=maybe_recompile pc=0x0000017707bc9078 method=java.util.HashMap.getNode(Ljava/lang/Object;)Ljava/util/HashMap$Node; @ 128 c2
Event: 0.647 Thread 0x0000017772b8f380 DEOPT PACKING pc=0x0000017707bc9078 sp=0x00000039e33fdb10
Event: 0.647 Thread 0x0000017772b8f380 DEOPT UNPACKING pc=0x00000177000523a3 sp=0x00000039e33fda28 mode 2
Event: 0.659 Thread 0x0000017772b8f380 Uncommon trap: trap_request=0xffffff45 fr.pc=0x0000017707ba4f5c relative=0x000000000000005c
Event: 0.659 Thread 0x0000017772b8f380 Uncommon trap: reason=unstable_if action=reinterpret pc=0x0000017707ba4f5c method=java.lang.String.isLatin1()Z @ 10 c2
Event: 0.659 Thread 0x0000017772b8f380 DEOPT PACKING pc=0x0000017707ba4f5c sp=0x00000039e33fe4a0
Event: 0.659 Thread 0x0000017772b8f380 DEOPT UNPACKING pc=0x00000177000523a3 sp=0x00000039e33fe430 mode 2
Event: 0.787 Thread 0x0000017772b8f380 Uncommon trap: trap_request=0xffffff45 fr.pc=0x0000017707be2004 relative=0x00000000000000e4
Event: 0.787 Thread 0x0000017772b8f380 Uncommon trap: reason=unstable_if action=reinterpret pc=0x0000017707be2004 method=sun.net.www.ParseUtil.firstEncodeIndex(Ljava/lang/String;)I @ 73 c2
Event: 0.787 Thread 0x0000017772b8f380 DEOPT PACKING pc=0x0000017707be2004 sp=0x00000039e33fe5e0
Event: 0.787 Thread 0x0000017772b8f380 DEOPT UNPACKING pc=0x00000177000523a3 sp=0x00000039e33fe570 mode 2
Event: 0.823 Thread 0x0000017772b8f380 DEOPT PACKING pc=0x00000177008e6aa9 sp=0x00000039e33fe470
Event: 0.823 Thread 0x0000017772b8f380 DEOPT UNPACKING pc=0x0000017700052b43 sp=0x00000039e33fd898 mode 0

Classes unloaded (0 events):
No events

Classes redefined (0 events):
No events

Internal exceptions (20 events):
Event: 0.158 Thread 0x0000017772b8f380 Exception <a 'java/lang/NoSuchMethodError'{0x00000004409b6ed0}: 'int java.lang.invoke.DirectMethodHandle$Holder.invokeSpecial(java.lang.Object, java.lang.Object, java.lang.Object)'> (0x00000004409b6ed0) 
thrown [t:\workspace\open\src\hotspot\share\interpreter\linkResolver.cpp, line 766]
Event: 0.176 Thread 0x0000017772b8f380 Exception <a 'sun/nio/fs/WindowsException'{0x0000000440a53de0}> (0x0000000440a53de0) 
thrown [t:\workspace\open\src\hotspot\share\prims\jni.cpp, line 516]
Event: 0.176 Thread 0x0000017772b8f380 Exception <a 'sun/nio/fs/WindowsException'{0x0000000440a54330}> (0x0000000440a54330) 
thrown [t:\workspace\open\src\hotspot\share\prims\jni.cpp, line 516]
Event: 0.185 Thread 0x0000017772b8f380 Exception <a 'java/lang/NoSuchMethodError'{0x0000000440a94c30}: 'int java.lang.invoke.DirectMethodHandle$Holder.invokeStaticInit(java.lang.Object, java.lang.Object, int, long)'> (0x0000000440a94c30) 
thrown [t:\workspace\open\src\hotspot\share\interpreter\linkResolver.cpp, line 766]
Event: 0.186 Thread 0x0000017772b8f380 Exception <a 'java/lang/NoSuchMethodError'{0x0000000440a9a4f8}: 'java.lang.Object java.lang.invoke.DirectMethodHandle$Holder.newInvokeSpecial(java.lang.Object, java.lang.Object, int)'> (0x0000000440a9a4f8) 
thrown [t:\workspace\open\src\hotspot\share\interpreter\linkResolver.cpp, line 766]
Event: 0.188 Thread 0x0000017772b8f380 Exception <a 'java/lang/NoSuchMethodError'{0x0000000440aaef70}: 'int java.lang.invoke.DirectMethodHandle$Holder.invokeStaticInit(java.lang.Object, java.lang.Object, long, long)'> (0x0000000440aaef70) 
thrown [t:\workspace\open\src\hotspot\share\interpreter\linkResolver.cpp, line 766]
Event: 0.188 Thread 0x0000017772b8f380 Exception <a 'java/lang/NoSuchMethodError'{0x0000000440ab5080}: 'java.lang.Object java.lang.invoke.DirectMethodHandle$Holder.newInvokeSpecial(java.lang.Object, java.lang.Object, long)'> (0x0000000440ab5080) 
thrown [t:\workspace\open\src\hotspot\share\interpreter\linkResolver.cpp, line 766]
Event: 0.189 Thread 0x0000017772b8f380 Exception <a 'java/lang/NoSuchMethodError'{0x0000000440ab90c8}: 'java.lang.Object java.lang.invoke.Invokers$Holder.linkToTargetMethod(java.lang.Object, long, java.lang.Object)'> (0x0000000440ab90c8) 
thrown [t:\workspace\open\src\hotspot\share\interpreter\linkResolver.cpp, line 766]
Event: 0.189 Thread 0x0000017772b8f380 Exception <a 'java/lang/NoSuchMethodError'{0x0000000440ac07e0}: 'int java.lang.invoke.DirectMethodHandle$Holder.invokeStaticInit(java.lang.Object, java.lang.Object, java.lang.Object, long)'> (0x0000000440ac07e0) 
thrown [t:\workspace\open\src\hotspot\share\interpreter\linkResolver.cpp, line 766]
Event: 0.204 Thread 0x0000017772b8f380 Exception <a 'sun/nio/fs/WindowsException'{0x0000000440b76b18}> (0x0000000440b76b18) 
thrown [t:\workspace\open\src\hotspot\share\prims\jni.cpp, line 516]
Event: 0.204 Thread 0x0000017772b8f380 Exception <a 'sun/nio/fs/WindowsException'{0x0000000440b76ea8}> (0x0000000440b76ea8) 
thrown [t:\workspace\open\src\hotspot\share\prims\jni.cpp, line 516]
Event: 0.222 Thread 0x0000017772b8f380 Exception <a 'sun/nio/fs/WindowsException'{0x0000000440c35560}> (0x0000000440c35560) 
thrown [t:\workspace\open\src\hotspot\share\prims\jni.cpp, line 516]
Event: 0.223 Thread 0x0000017772b8f380 Exception <a 'sun/nio/fs/WindowsException'{0x0000000440c358c0}> (0x0000000440c358c0) 
thrown [t:\workspace\open\src\hotspot\share\prims\jni.cpp, line 516]
Event: 0.271 Thread 0x0000017772b8f380 Exception <a 'sun/nio/fs/WindowsException'{0x0000000440cc4fb8}> (0x0000000440cc4fb8) 
thrown [t:\workspace\open\src\hotspot\share\prims\jni.cpp, line 516]
Event: 0.271 Thread 0x0000017772b8f380 Exception <a 'sun/nio/fs/WindowsException'{0x0000000440cc5338}> (0x0000000440cc5338) 
thrown [t:\workspace\open\src\hotspot\share\prims\jni.cpp, line 516]
Event: 0.292 Thread 0x0000017772b8f380 Exception <a 'java/lang/NoSuchMethodError'{0x0000000440d0fa10}: 'java.lang.Object java.lang.invoke.DirectMethodHandle$Holder.newInvokeSpecial(java.lang.Object, long)'> (0x0000000440d0fa10) 
thrown [t:\workspace\open\src\hotspot\share\interpreter\linkResolver.cpp, line 766]
Event: 0.649 Thread 0x0000017772b8f380 Exception <a 'sun/nio/fs/WindowsException'{0x0000000440e34e58}> (0x0000000440e34e58) 
thrown [t:\workspace\open\src\hotspot\share\prims\jni.cpp, line 516]
Event: 0.650 Thread 0x0000017772b8f380 Exception <a 'sun/nio/fs/WindowsException'{0x0000000440e35200}> (0x0000000440e35200) 
thrown [t:\workspace\open\src\hotspot\share\prims\jni.cpp, line 516]
Event: 0.652 Thread 0x0000017772b8f380 Exception <a 'sun/nio/fs/WindowsException'{0x0000000440e44420}> (0x0000000440e44420) 
thrown [t:\workspace\open\src\hotspot\share\prims\jni.cpp, line 516]
Event: 0.652 Thread 0x0000017772b8f380 Exception <a 'sun/nio/fs/WindowsException'{0x0000000440e44700}> (0x0000000440e44700) 
thrown [t:\workspace\open\src\hotspot\share\prims\jni.cpp, line 516]

VM Operations (10 events):
Event: 0.068 Executing VM operation: HandshakeAllThreads
Event: 0.068 Executing VM operation: HandshakeAllThreads done
Event: 0.130 Executing VM operation: HandshakeAllThreads
Event: 0.130 Executing VM operation: HandshakeAllThreads done
Event: 0.157 Executing VM operation: HandshakeAllThreads
Event: 0.157 Executing VM operation: HandshakeAllThreads done
Event: 0.697 Executing VM operation: HandshakeAllThreads
Event: 0.697 Executing VM operation: HandshakeAllThreads done
Event: 0.822 Executing VM operation: HandshakeAllThreads
Event: 0.822 Executing VM operation: HandshakeAllThreads done

Events (20 events):
Event: 0.785 loading class sun/net/ProgressMonitor done
Event: 0.785 loading class sun/net/DefaultProgressMeteringPolicy
Event: 0.785 loading class sun/net/ProgressMeteringPolicy
Event: 0.785 loading class sun/net/ProgressMeteringPolicy done
Event: 0.785 loading class sun/net/DefaultProgressMeteringPolicy done
Event: 0.807 loading class jdk/internal/math/FloatingDecimal$ASCIIToBinaryBuffer
Event: 0.807 loading class jdk/internal/math/FloatingDecimal$ASCIIToBinaryBuffer done
Event: 0.811 Thread 0x0000017736e18260 Thread added: 0x0000017736e18260
Event: 0.811 Thread 0x0000017736e18770 Thread added: 0x0000017736e18770
Event: 0.816 loading class java/util/regex/Pattern$1
Event: 0.816 loading class java/util/regex/Pattern$1 done
Event: 0.837 loading class java/lang/Math$RandomNumberGeneratorHolder
Event: 0.838 loading class java/lang/Math$RandomNumberGeneratorHolder done
Event: 0.842 loading class java/lang/SecurityException
Event: 0.842 loading class java/lang/SecurityException done
Event: 0.843 loading class java/lang/reflect/InvocationTargetException
Event: 0.843 loading class java/lang/reflect/InvocationTargetException done
Event: 0.847 Thread 0x0000017736dbdf10 Thread added: 0x0000017736dbdf10
Event: 0.989 Thread 0x0000017736e18770 Thread exited: 0x0000017736e18770
Event: 0.989 Thread 0x0000017736e18260 Thread exited: 0x0000017736e18260


Dynamic libraries:
0x00007ff7e9c40000 - 0x00007ff7e9c50000 	C:\Program Files\Java\jdk-17\bin\javaw.exe
0x00007ffe877a0000 - 0x00007ffe879a9000 	C:\WINDOWS\SYSTEM32\ntdll.dll
0x00007ffe87120000 - 0x00007ffe871dd000 	C:\WINDOWS\System32\KERNEL32.DLL
0x00007ffe84fc0000 - 0x00007ffe85339000 	C:\WINDOWS\System32\KERNELBASE.dll
0x00007ffe82150000 - 0x00007ffe821e1000 	C:\WINDOWS\SYSTEM32\apphelp.dll
0x00007ffe85430000 - 0x00007ffe85541000 	C:\WINDOWS\System32\ucrtbase.dll
0x00007ffe6fc00000 - 0x00007ffe6fc18000 	C:\Program Files\Java\jdk-17\bin\jli.dll
0x00007ffe6fe80000 - 0x00007ffe6fe9a000 	C:\Program Files\Java\jdk-17\bin\VCRUNTIME140.dll
0x00007ffe857e0000 - 0x00007ffe8588e000 	C:\WINDOWS\System32\ADVAPI32.dll
0x00007ffe86260000 - 0x00007ffe86303000 	C:\WINDOWS\System32\msvcrt.dll
0x00007ffe858b0000 - 0x00007ffe8594e000 	C:\WINDOWS\System32\sechost.dll
0x00007ffe87640000 - 0x00007ffe87760000 	C:\WINDOWS\System32\RPCRT4.dll
0x00007ffe86dc0000 - 0x00007ffe86f6c000 	C:\WINDOWS\System32\USER32.dll
0x00007ffe85400000 - 0x00007ffe85426000 	C:\WINDOWS\System32\win32u.dll
0x00007ffe75970000 - 0x00007ffe75c15000 	C:\WINDOWS\WinSxS\amd64_microsoft.windows.common-controls_6595b64144ccf1df_6.0.22000.120_none_9d947278b86cc467\COMCTL32.dll
0x00007ffe86800000 - 0x00007ffe86829000 	C:\WINDOWS\System32\GDI32.dll
0x00007ffe84ea0000 - 0x00007ffe84fb2000 	C:\WINDOWS\System32\gdi32full.dll
0x00007ffe84e00000 - 0x00007ffe84e9d000 	C:\WINDOWS\System32\msvcp_win.dll
0x00007ffe80290000 - 0x00007ffe8029a000 	C:\WINDOWS\SYSTEM32\VERSION.dll
0x00007ffe87480000 - 0x00007ffe874b1000 	C:\WINDOWS\System32\IMM32.DLL
0x00007ffe7bf50000 - 0x00007ffe7bf5c000 	C:\Program Files\Java\jdk-17\bin\vcruntime140_1.dll
0x00007ffe2d7c0000 - 0x00007ffe2d84d000 	C:\Program Files\Java\jdk-17\bin\msvcp140.dll
0x00007ffe0f2b0000 - 0x00007ffe0fe6e000 	C:\Program Files\Java\jdk-17\bin\server\jvm.dll
0x00007ffe87110000 - 0x00007ffe87118000 	C:\WINDOWS\System32\PSAPI.DLL
0x00007ffe80230000 - 0x00007ffe80263000 	C:\WINDOWS\SYSTEM32\WINMM.dll
0x00007ffe788a0000 - 0x00007ffe788a9000 	C:\WINDOWS\SYSTEM32\WSOCK32.dll
0x00007ffe86d50000 - 0x00007ffe86dbf000 	C:\WINDOWS\System32\WS2_32.dll
0x00007ffe83d50000 - 0x00007ffe83d68000 	C:\WINDOWS\SYSTEM32\kernel.appcore.dll
0x00007ffe7bc20000 - 0x00007ffe7bc2a000 	C:\Program Files\Java\jdk-17\bin\jimage.dll
0x00007ffe7c5f0000 - 0x00007ffe7c811000 	C:\WINDOWS\SYSTEM32\DBGHELP.DLL
0x00007ffe7c570000 - 0x00007ffe7c5a1000 	C:\WINDOWS\SYSTEM32\dbgcore.DLL
0x00007ffe85550000 - 0x00007ffe855cf000 	C:\WINDOWS\System32\bcryptPrimitives.dll
0x00007ffe61190000 - 0x00007ffe611b5000 	C:\Program Files\Java\jdk-17\bin\java.dll
0x00007ffe2b600000 - 0x00007ffe2b6d6000 	C:\Program Files\Java\jdk-17\bin\svml.dll
0x00007ffe85ab0000 - 0x00007ffe8625f000 	C:\WINDOWS\System32\SHELL32.dll
0x00007ffe82dc0000 - 0x00007ffe83628000 	C:\WINDOWS\SYSTEM32\windows.storage.dll
0x00007ffe869d0000 - 0x00007ffe86d48000 	C:\WINDOWS\System32\combase.dll
0x00007ffe82c50000 - 0x00007ffe82db6000 	C:\WINDOWS\SYSTEM32\wintypes.dll
0x00007ffe86f70000 - 0x00007ffe8705a000 	C:\WINDOWS\System32\SHCORE.dll
0x00007ffe86850000 - 0x00007ffe868ad000 	C:\WINDOWS\System32\shlwapi.dll
0x00007ffe84bc0000 - 0x00007ffe84be1000 	C:\WINDOWS\SYSTEM32\profapi.dll
0x00007ffe6bed0000 - 0x00007ffe6bee9000 	C:\Program Files\Java\jdk-17\bin\net.dll
0x00007ffe80120000 - 0x00007ffe8022c000 	C:\WINDOWS\SYSTEM32\WINHTTP.dll
0x00007ffe841e0000 - 0x00007ffe84247000 	C:\WINDOWS\system32\mswsock.dll
0x00007ffe6b310000 - 0x00007ffe6b325000 	C:\Program Files\Java\jdk-17\bin\nio.dll
0x00007ffe66dc0000 - 0x00007ffe66dd8000 	C:\Program Files\Java\jdk-17\bin\zip.dll
0x0000000053eb0000 - 0x0000000053ed9000 	C:\Users\jimmy\AppData\Local\Temp\libgdxjimmy\e787ab0a\gdx64.dll
0x00007ffe5e2e0000 - 0x00007ffe5e355000 	C:\Users\jimmy\AppData\Local\Temp\lwjgljimmy\3.3.1-build-7\lwjgl.dll
0x00007ffe2b8b0000 - 0x00007ffe2bb09000 	C:\Users\jimmy\AppData\Local\Temp\lwjgljimmy\3.3.1-build-7\jemalloc.dll
0x00007ffe5e9f0000 - 0x00007ffe5ea51000 	C:\Users\jimmy\AppData\Local\Temp\lwjgljimmy\3.3.1-build-7\glfw.dll
0x00007ffe60560000 - 0x00007ffe605a5000 	C:\WINDOWS\SYSTEM32\dinput8.dll
0x00007ffe6cb30000 - 0x00007ffe6cb41000 	C:\WINDOWS\SYSTEM32\xinput1_4.dll
0x00007ffe84960000 - 0x00007ffe849ac000 	C:\WINDOWS\SYSTEM32\cfgmgr32.dll
0x00007ffe849b0000 - 0x00007ffe849dc000 	C:\WINDOWS\SYSTEM32\DEVOBJ.dll
0x00007ffe82740000 - 0x00007ffe8276f000 	C:\WINDOWS\SYSTEM32\dwmapi.dll
0x00007ffe6d5b0000 - 0x00007ffe6d779000 	C:\WINDOWS\SYSTEM32\inputhost.dll
0x00007ffe81fd0000 - 0x00007ffe82102000 	C:\WINDOWS\SYSTEM32\CoreMessaging.dll
0x00007ffe823c0000 - 0x00007ffe8246c000 	C:\WINDOWS\system32\uxtheme.dll
0x00007ffe843d0000 - 0x00007ffe843dc000 	C:\WINDOWS\SYSTEM32\CRYPTBASE.DLL
0x00007ffe868b0000 - 0x00007ffe869ce000 	C:\WINDOWS\System32\MSCTF.dll
0x00007ffe2b710000 - 0x00007ffe2b8a7000 	C:\Users\jimmy\AppData\Local\Temp\lwjgljimmy\3.3.1-build-7\OpenAL.dll
0x00007ffe85640000 - 0x00007ffe857da000 	C:\WINDOWS\System32\ole32.dll
0x00007ffe87060000 - 0x00007ffe8710f000 	C:\WINDOWS\System32\clbcatq.dll
0x00007ffe7f450000 - 0x00007ffe7f4ec000 	C:\WINDOWS\System32\MMDevApi.dll
0x00007ffe7f810000 - 0x00007ffe7f9e5000 	C:\WINDOWS\SYSTEM32\AUDIOSES.DLL
0x00007ffe82600000 - 0x00007ffe82615000 	C:\WINDOWS\SYSTEM32\resourcepolicyclient.dll
0x00007ffe84500000 - 0x00007ffe8454d000 	C:\WINDOWS\SYSTEM32\powrprof.dll
0x00007ffe844c0000 - 0x00007ffe844d3000 	C:\WINDOWS\SYSTEM32\UMPDC.dll
0x00007ffe34960000 - 0x00007ffe34a61000 	C:\WINDOWS\SYSTEM32\opengl32.dll
0x00007ffe7acf0000 - 0x00007ffe7ad1d000 	C:\WINDOWS\SYSTEM32\GLU32.dll
0x00007ffe824a0000 - 0x00007ffe824d8000 	C:\WINDOWS\SYSTEM32\dxcore.dll
0x00007ffe7bce0000 - 0x00007ffe7be14000 	C:\Windows\System32\AppXDeploymentClient.dll
0x00007ffe7ba30000 - 0x00007ffe7bc1f000 	C:\WINDOWS\SYSTEM32\urlmon.dll
0x00007ffe7b330000 - 0x00007ffe7b5e3000 	C:\Windows\System32\iertutil.dll
0x00007ffe7ba00000 - 0x00007ffe7ba28000 	C:\Windows\System32\srvcli.dll
0x00007ffe83840000 - 0x00007ffe8384c000 	C:\Windows\System32\netutils.dll
0x00007ffe419e0000 - 0x00007ffe44379000 	C:\WINDOWS\System32\DriverStore\FileRepository\nv_dispi.inf_amd64_1c83a5d7cffd7bff\nvoglv64.dll
0x00007ffe86390000 - 0x00007ffe867fc000 	C:\WINDOWS\System32\SETUPAPI.dll
0x00007ffe859d0000 - 0x00007ffe85aa6000 	C:\WINDOWS\System32\OLEAUT32.dll
0x00007ffe802a0000 - 0x00007ffe802b4000 	C:\WINDOWS\SYSTEM32\WTSAPI32.dll
0x00007ffe84580000 - 0x00007ffe84592000 	C:\WINDOWS\SYSTEM32\msasn1.dll
0x00007ffe7eea0000 - 0x00007ffe7eed1000 	C:\WINDOWS\SYSTEM32\cryptnet.dll
0x00007ffe84c90000 - 0x00007ffe84df2000 	C:\WINDOWS\System32\CRYPT32.dll
0x00007ffe855d0000 - 0x00007ffe85637000 	C:\WINDOWS\System32\WINTRUST.dll
0x00007ffe82620000 - 0x00007ffe82654000 	C:\WINDOWS\SYSTEM32\ntmarta.dll
0x00007ffe83e70000 - 0x00007ffe83ed3000 	C:\WINDOWS\SYSTEM32\WINSTA.dll
0x00007ffe5d460000 - 0x00007ffe5d4bd000 	C:\Users\jimmy\AppData\Local\Temp\lwjgljimmy\3.3.1-build-7\lwjgl_opengl.dll
0x00007ffe70100000 - 0x00007ffe7022d000 	C:\WINDOWS\SYSTEM32\textinputframework.dll
0x00007ffe74980000 - 0x00007ffe74ced000 	C:\WINDOWS\SYSTEM32\CoreUIComponents.dll
0x0000000053e50000 - 0x0000000053eaa000 	C:\Users\jimmy\AppData\Local\Temp\libgdxjimmy\888fe1bc\gdx-box2d64.dll

dbghelp: loaded successfully - version: 4.0.5 - missing functions: none
symbol engine: initialized successfully - sym options: 0x614 - pdb path: .;C:\Program Files\Java\jdk-17\bin;C:\WINDOWS\SYSTEM32;C:\WINDOWS\WinSxS\amd64_microsoft.windows.common-controls_6595b64144ccf1df_6.0.22000.120_none_9d947278b86cc467;C:\Program Files\Java\jdk-17\bin\server;C:\Users\jimmy\AppData\Local\Temp\libgdxjimmy\e787ab0a;C:\Users\jimmy\AppData\Local\Temp\lwjgljimmy\3.3.1-build-7;C:\WINDOWS\System32\DriverStore\FileRepository\nv_dispi.inf_amd64_1c83a5d7cffd7bff;C:\Users\jimmy\AppData\Local\Temp\libgdxjimmy\888fe1bc

VM Arguments:
jvm_args: -Dfile.encoding=MS950 -XX:+ShowCodeDetailsInExceptionMessages 
java_command: com.mygdx.game.DesktopLauncher
java_class_path (initial): C:\Users\jimmy\Desktop\PD_2_Project\Libgdx\desktop\bin\main;\My GDX Game-core\bin\default;C:\Users\jimmy\Desktop\PD_2_Project\Libgdx\core\bin\main;C:\Users\jimmy\.gradle\caches\modules-2\files-2.1\com.badlogicgames.gdx\gdx-backend-lwjgl3\1.11.0\58a96db4cd349be4292d547856aa1e1c5f065f4e\gdx-backend-lwjgl3-1.11.0.jar;C:\Users\jimmy\.gradle\caches\modules-2\files-2.1\com.badlogicgames.gdx\gdx-platform\1.11.0\697fb13eada6d3c6ca648c9788692b0159add126\gdx-platform-1.11.0-natives-desktop.jar;C:\Users\jimmy\.gradle\caches\modules-2\files-2.1\com.badlogicgames.gdx\gdx-box2d-platform\1.11.0\62ff9baa1e57a11e0a4428a38c9660bf9f312fdc\gdx-box2d-platform-1.11.0-natives-desktop.jar;C:\Users\jimmy\.gradle\caches\modules-2\files-2.1\com.badlogicgames.gdx\gdx-box2d\1.11.0\ad4facee800dd945d6d6e93dea2936bc135b5f\gdx-box2d-1.11.0.jar;C:\Users\jimmy\.gradle\caches\modules-2\files-2.1\com.badlogicgames.gdx\gdx\1.11.0\ffe1206d1004cd9e40027e28964be0fea0399af7\gdx-1.11.0.jar;C:\Users\jimmy\.gradle\caches\modules-2\files-2.1\org.lwjgl\lwjgl-glfw\3.3.1\cbac1b8d30cb4795149c1ef540f912671a8616d0\lwjgl-glfw-3.3.1.jar;C:\Users\jimmy\.gradle\caches\modules-2\files-2.1\org.lwjgl\lwjgl-glfw\3.3.1\81716978214ecbda15050ca394b06ef61501a49e\lwjgl-glfw-3.3.1-natives-linux.jar;C:\Users\jimmy\.gradle\caches\modules-2\files-2.1\org.lwjgl\lwjgl-glfw\3.3.1\816d935933f2dd743074c4e717cc25b55720f294\lwjgl-glfw-3.3.1-natives-linux-arm32.jar;C:\Users\jimmy\.gradle\caches\modules-2\files-2.1\org.lwjgl\lwjgl-glfw\3.3.1\513eb39b866d0fe131a18d5c517087805433b029\lwjgl-glfw-3.3.1-natives-linux-arm64.jar;C:\Users\jimmy\.gradle\caches\modules-2\files-2.1\org.lwjgl\lwjgl-glfw\3.3.1\9ec4ce1fc8c85fdef03ef4ff2aace6f5775fb280\lwjgl-glfw-3.3.1-natives-macos.jar;C:\Users\jimmy\.gradle\caches\modules-2\files-2.1\org.lwjgl\lwjgl-glfw\3.3.1\cac0d3f712a3da7641fa174735a5f315de7ffe0a\lwjgl-glfw-3.3.1-natives-macos-arm64.jar;C:\Users\jimmy\.gradle\caches\modules-2\files-2.1\org.lwjgl\lwjgl-glfw\3.3.1\ed892f945c
Launcher Type: SUN_STANDARD

[Global flags]
     intx CICompilerCount                          = 12                                        {product} {ergonomic}
     uint ConcGCThreads                            = 4                                         {product} {ergonomic}
     uint G1ConcRefinementThreads                  = 15                                        {product} {ergonomic}
   size_t G1HeapRegionSize                         = 8388608                                   {product} {ergonomic}
    uintx GCDrainStackTargetSize                   = 64                                        {product} {ergonomic}
   size_t InitialHeapSize                          = 1073741824                                {product} {ergonomic}
   size_t MarkStackSize                            = 4194304                                   {product} {ergonomic}
   size_t MaxHeapSize                              = 17154703360                               {product} {ergonomic}
   size_t MaxNewSize                               = 10292822016                               {product} {ergonomic}
   size_t MinHeapDeltaBytes                        = 8388608                                   {product} {ergonomic}
   size_t MinHeapSize                              = 8388608                                   {product} {ergonomic}
    uintx NonNMethodCodeHeapSize                   = 7602480                                {pd product} {ergonomic}
    uintx NonProfiledCodeHeapSize                  = 122027880                              {pd product} {ergonomic}
    uintx ProfiledCodeHeapSize                     = 122027880                              {pd product} {ergonomic}
    uintx ReservedCodeCacheSize                    = 251658240                              {pd product} {ergonomic}
     bool SegmentedCodeCache                       = true                                      {product} {ergonomic}
     bool ShowCodeDetailsInExceptionMessages       = true                                   {manageable} {command line}
   size_t SoftMaxHeapSize                          = 17154703360                            {manageable} {ergonomic}
     bool UseCompressedClassPointers               = true                           {product lp64_product} {ergonomic}
     bool UseCompressedOops                        = true                           {product lp64_product} {ergonomic}
     bool UseG1GC                                  = true                                      {product} {ergonomic}
     bool UseLargePagesIndividualAllocation        = false                                  {pd product} {ergonomic}

Logging:
Log output configuration:
 #0: stdout all=warning uptime,level,tags
 #1: stderr all=off uptime,level,tags

Environment Variables:
JAVA_HOME=C:\Program Files\Java\jdk-17
PATH=C:\Program Files (x86)\VMware\VMware Workstation\bin\;C:\Program Files\Common Files\Oracle\Java\javapath;C:\WINDOWS\system32;C:\WINDOWS;C:\WINDOWS\System32\Wbem;C:\WINDOWS\System32\WindowsPowerShell\v1.0\;C:\WINDOWS\System32\OpenSSH\;C:\Program Files (x86)\VMware\VMware Workstation;C:\Program Files\Git\cmd;C:\Program Files\dotnet\;C:\Program Files (x86)\MySQL\MySQL Utilities 1.6\;C:\Program Files\MySQL\MySQL Server 5.5\bin;C:\Users\jimmy\AppData\Local\Programs\Python\Python39\Scripts\;C:\Users\jimmy\AppData\Local\Programs\Python\Python39\;C:\msys64\mingw64\bin;C:\msys64\usr\bin;C:\Program Files\Microsoft SQL Server\130\Tools\Binn\;C:\Program Files\Microsoft SQL Server\Client SDK\ODBC\170\Tools\Binn\;C:\Program Files (x86)\dotnet\;C:\Program Files\WireGuard\;C:\Users\jimmy\AppData\Local\Programs\Python\Python39\Scripts\;C:\Users\jimmy\AppData\Local\Programs\Python\Python39\;C:\Users\jimmy\AppData\Local\Microsoft\WindowsApps;C:\Users\jimmy\.dotnet\tools;C:\Users\jimmy\AppData\Local\Programs\Microsoft VS Code\bin;C:\Users\jimmy\AppData\Local\chia-blockchain\app-1.2.7\resources\app.asar.unpacked\daemon;C:\Program Files (x86)\Nmap;
USERNAME=jimmy
OS=Windows_NT
PROCESSOR_IDENTIFIER=Intel64 Family 6 Model 165 Stepping 5, GenuineIntel



---------------  S Y S T E M  ---------------

OS:
 Windows 10 , 64 bit Build 22000 (10.0.22000.675)
OS uptime: 26 days 0:39 hours
Hyper-V role detected

CPU: total 20 (initial active 20) (10 cores per cpu, 2 threads per core) family 6 model 165 stepping 5 microcode 0xe2, cx8, cmov, fxsr, ht, mmx, 3dnowpref, sse, sse2, sse3, ssse3, sse4.1, sse4.2, popcnt, lzcnt, tsc, tscinvbit, avx, avx2, aes, erms, clmul, bmi1, bmi2, adx, fma, vzeroupper, clflush, clflushopt, hv

Memory: 4k page, system-wide physical 65433M (23047M free)
TotalPageFile size 177069M (AvailPageFile size 17711M)
current process WorkingSet (physical memory assigned to process): 123M, peak: 123M
current process commit charge ("private bytes"): 1242M, peak: 1242M

vm_info: Java HotSpot(TM) 64-Bit Server VM (17+35-LTS-2724) for windows-amd64 JRE (17+35-LTS-2724), built on Aug  5 2021 23:28:28 by "mach5one" with MS VC++ 16.8 (VS2019)

END.
