#
# A fatal error has been detected by the Java Runtime Environment:
#
#  EXCEPTION_ACCESS_VIOLATION (0xc0000005) at pc=0x0000000053e5ba43, pid=27756, tid=24672
#
# JRE version: Java(TM) SE Runtime Environment (17.0+35) (build 17+35-LTS-2724)
# Java VM: Java HotSpot(TM) 64-Bit Server VM (17+35-LTS-2724, mixed mode, sharing, tiered, compressed oops, compressed class ptrs, g1 gc, windows-amd64)
# Problematic frame:
# C  [gdx-box2d64.dll+0xba43]
#
# No core dump will be written. Minidumps are not enabled by default on client versions of Windows
#
# If you would like to submit a bug report, please visit:
#   https://bugreport.java.com/bugreport/crash.jsp
# The crash happened outside the Java Virtual Machine in native code.
# See problematic frame for where to report the bug.
#

---------------  S U M M A R Y ------------

Command Line: -Dfile.encoding=MS950 -XX:+ShowCodeDetailsInExceptionMessages com.mygdx.game.DesktopLauncher

Host: Intel(R) Core(TM) i9-10900KF CPU @ 3.70GHz, 20 cores, 63G,  Windows 10 , 64 bit Build 22000 (10.0.22000.675)
Time: Mon Jun  6 08:38:47 2022  Windows 10 , 64 bit Build 22000 (10.0.22000.675) elapsed time: 1.366698 seconds (0d 0h 0m 1s)

---------------  T H R E A D  ---------------

Current thread (0x0000023d8083e630):  JavaThread "main" [_thread_in_native, id=24672, stack(0x000000cae1900000,0x000000cae1a00000)]

Stack: [0x000000cae1900000,0x000000cae1a00000],  sp=0x000000cae19feb80,  free space=1018k
Native frames: (J=compiled Java code, j=interpreted, Vv=VM code, C=native code)
C  [gdx-box2d64.dll+0xba43]

Java frames: (J=compiled Java code, j=interpreted, Vv=VM code)
j  com.badlogic.gdx.physics.box2d.World.jniCreateBody(JIFFFFFFFFZZZZZF)J+0
j  com.badlogic.gdx.physics.box2d.World.createBody(Lcom/badlogic/gdx/physics/box2d/BodyDef;)Lcom/badlogic/gdx/physics/box2d/Body;+80
j  com.mygdx.game.objects.GameObject.addSlaveBody(Lcom/badlogic/gdx/physics/box2d/BodyDef;)Lcom/badlogic/gdx/physics/box2d/Body;+10
j  com.mygdx.game.Script.Ground.makeAddBulletSpeed()V+56
j  com.mygdx.game.Script.Ground.Update()V+59
J 1133 c1 com.mygdx.game.objects.GameObject.Update()V (101 bytes) @ 0x0000023d88962a34 [0x0000023d88961c60+0x0000000000000dd4]
j  com.mygdx.game.objects.GameScreen.update()V+29
j  com.mygdx.game.objects.GameScreen.render(F)V+6
j  com.mygdx.game.Screen.PlayScreen.render(F)V+2
j  com.badlogic.gdx.Game.render()V+19
j  com.mygdx.game.MyGdxGame.render()V+1
j  com.badlogic.gdx.backends.lwjgl3.Lwjgl3Window.update()Z+187
j  com.badlogic.gdx.backends.lwjgl3.Lwjgl3Application.loop()V+111
j  com.badlogic.gdx.backends.lwjgl3.Lwjgl3Application.<init>(Lcom/badlogic/gdx/ApplicationListener;Lcom/badlogic/gdx/backends/lwjgl3/Lwjgl3ApplicationConfiguration;)V+269
j  com.mygdx.game.DesktopLauncher.main([Ljava/lang/String;)V+46
v  ~StubRoutines::call_stub

siginfo: EXCEPTION_ACCESS_VIOLATION (0xc0000005), reading address 0x0000002600000002


Register to memory mapping:

RIP=0x0000000053e5ba43 gdx-box2d64.dll
RAX=0x0000000053e9f060 gdx-box2d64.dll
RBX=0x0000002600000002 is an unknown value
RCX=0x0000023dc455bd70 points into unknown readable memory: 0x0000023dc4575100 | 00 51 57 c4 3d 02 00 00
RDX=0x00000000000000b8 is an unknown value
RSP=0x000000cae19feb80 is pointing into the stack for thread: 0x0000023d8083e630
RBP=0x0000023dc455bda0 points into unknown readable memory: 0x0000000000000000 | 00 00 00 00 00 00 00 00
RSI=0x0000023dc455bd70 points into unknown readable memory: 0x0000023dc4575100 | 00 51 57 c4 3d 02 00 00
RDI=0x0000023dc1bfba30 is pointing into metadata
R8 =0x0000023dc455bd70 points into unknown readable memory: 0x0000023dc4575100 | 00 51 57 c4 3d 02 00 00
R9 =0x0000000000000002 is an unknown value
R10=0x0 is NULL
R11=0x0000000000000001 is an unknown value
R12=0x0000000000000006 is an unknown value
R13={method} {0x0000023dc1ab46f8} 'jniCreateBody' '(JIFFFFFFFFZZZZZF)J' in 'com/badlogic/gdx/physics/box2d/World'
R14=0x000000cae19fee58 is pointing into the stack for thread: 0x0000023d8083e630
R15=0x0000023d8083e630 is a thread


Registers:
RAX=0x0000000053e9f060, RBX=0x0000002600000002, RCX=0x0000023dc455bd70, RDX=0x00000000000000b8
RSP=0x000000cae19feb80, RBP=0x0000023dc455bda0, RSI=0x0000023dc455bd70, RDI=0x0000023dc1bfba30
R8 =0x0000023dc455bd70, R9 =0x0000000000000002, R10=0x0000000000000000, R11=0x0000000000000001
R12=0x0000000000000006, R13=0x0000023dc1ab46f0, R14=0x000000cae19fee58, R15=0x0000023d8083e630
RIP=0x0000000053e5ba43, EFLAGS=0x0000000000010202

Top of Stack: (sp=0x000000cae19feb80)
0x000000cae19feb80:   0000000000000020 0000023d8083e630
0x000000cae19feb90:   000000cae19fecb0 0000000000000001
0x000000cae19feba0:   0000023dc1ab46f0 0000023d8083e630
0x000000cae19febb0:   00007ffe0fbae738 0000023dc455bd70
0x000000cae19febc0:   000000cae19fec60 0000023dc1bfba30
0x000000cae19febd0:   000000cae19fedb0 0000000000000000
0x000000cae19febe0:   0000023dc1ab46f0 0000000053e70e22
0x000000cae19febf0:   000000cae19fedc8 000000cae19fed40
0x000000cae19fec00:   000000cae19feca0 000000cae19feca0
0x000000cae19fec10:   0000000000000003 0000023dc1ab46f0
0x000000cae19fec20:   0000023d8083e630 0000000000000001
0x000000cae19fec30:   0000023dc1bfba30 0000000053e766e6
0x000000cae19fec40:   0000023d8083e630 000000cae19fee58
0x000000cae19fec50:   000000cae19fedb0 0000023d88038f0b
0x000000cae19fec60:   0000000000000002 0000000000000000
0x000000cae19fec70:   0000000000000000 0000000000000000 

Instructions: (pc=0x0000000053e5ba43)
0x0000000053e5b943:   f6 48 8d 2d b5 16 03 00 48 8d 3d 0e 37 04 00 4c
0x0000000053e5b953:   8d 2d f7 31 03 00 4c 8d 25 55 32 03 00 eb 1a 83
0x0000000053e5b963:   fe 0d 7e 11 41 b8 49 00 00 00 4c 89 ea 4c 89 e1
0x0000000053e5b973:   e8 18 82 02 00 48 83 c3 01 48 63 c6 39 5c 85 00
0x0000000053e5b983:   7d 03 83 c6 01 48 81 fb 80 02 00 00 40 88 34 1f
0x0000000053e5b993:   75 cd c6 05 a4 36 04 00 01 48 83 c4 28 5b 5e 5f
0x0000000053e5b9a3:   5d 41 5c 41 5d c3 90 66 0f 1f 44 00 00 57 56 53
0x0000000053e5b9b3:   48 83 ec 20 8b 41 08 48 89 cf 85 c0 7e 1d 31 f6
0x0000000053e5b9c3:   31 db 48 8b 07 83 c3 01 48 8b 4c 30 08 48 83 c6
0x0000000053e5b9d3:   10 e8 a7 08 00 00 39 5f 08 7f e7 48 8b 0f 48 83
0x0000000053e5b9e3:   c4 20 5b 5e 5f e9 93 08 00 00 90 66 90 41 55 41
0x0000000053e5b9f3:   54 55 57 56 53 48 83 ec 38 48 63 da 48 89 ce 83
0x0000000053e5ba03:   fb 00 0f 84 95 01 00 00 0f 8e 6f 01 00 00 81 fb
0x0000000053e5ba13:   80 02 00 00 0f 8f 23 01 00 00 48 8d 05 3c 36 04
0x0000000053e5ba23:   00 44 0f b6 24 18 41 80 fc 0d 4c 89 e3 0f 87 da
0x0000000053e5ba33:   00 00 00 48 8d 2c de 48 8b 5d 10 48 85 db 74 1d
0x0000000053e5ba43:   48 8b 03 48 89 45 10 48 89 d8 48 83 c4 38 5b 5e
0x0000000053e5ba53:   5f 5d 41 5c 41 5d c3 66 0f 1f 44 00 00 48 63 46
0x0000000053e5ba63:   08 4c 8b 2e 3b 46 0c 0f 84 40 01 00 00 48 c1 e0
0x0000000053e5ba73:   04 b9 00 40 00 00 4d 63 e4 49 8d 7c 05 00 e8 ea
0x0000000053e5ba83:   07 00 00 48 89 c3 48 89 47 08 48 8d 05 6c 15 03
0x0000000053e5ba93:   00 46 8b 24 a0 b8 00 40 00 00 99 41 f7 fc 45 89
0x0000000053e5baa3:   e5 44 89 27 44 0f af e8 41 81 fd 00 40 00 00 0f
0x0000000053e5bab3:   8f 9b 00 00 00 83 f8 01 7e 23 49 63 d4 83 e8 01
0x0000000053e5bac3:   45 31 c0 49 89 d1 48 8d 0c 13 49 f7 d9 41 83 c0
0x0000000053e5bad3:   01 4a 89 0c 09 48 01 d1 41 39 c0 75 f0 45 29 e5
0x0000000053e5bae3:   4d 63 ed 4a c7 04 2b 00 00 00 00 48 8b 03 48 89
0x0000000053e5baf3:   45 10 83 46 08 01 48 89 d8 48 83 c4 38 5b 5e 5f
0x0000000053e5bb03:   5d 41 5c 41 5d c3 0f 1f 80 00 00 00 00 48 8d 15
0x0000000053e5bb13:   39 30 03 00 48 8d 0d b2 30 03 00 48 8d 2c de 41
0x0000000053e5bb23:   b8 70 00 00 00 e8 63 80 02 00 48 8b 5d 10 48 85
0x0000000053e5bb33:   db 0f 85 09 ff ff ff e9 21 ff ff ff 90 89 d9 48 


Stack slot to memory mapping:
stack at sp + 0 slots: 0x0000000000000020 is an unknown value
stack at sp + 1 slots: 0x0000023d8083e630 is a thread
stack at sp + 2 slots: 0x000000cae19fecb0 is pointing into the stack for thread: 0x0000023d8083e630
stack at sp + 3 slots: 0x0000000000000001 is an unknown value
stack at sp + 4 slots: {method} {0x0000023dc1ab46f8} 'jniCreateBody' '(JIFFFFFFFFZZZZZF)J' in 'com/badlogic/gdx/physics/box2d/World'
stack at sp + 5 slots: 0x0000023d8083e630 is a thread
stack at sp + 6 slots: 0x00007ffe0fbae738 jvm.dll
stack at sp + 7 slots: 0x0000023dc455bd70 points into unknown readable memory: 0x0000023dc4575100 | 00 51 57 c4 3d 02 00 00


---------------  P R O C E S S  ---------------

Threads class SMR info:
_java_thread_list=0x0000023dc4f34810, length=15, elements={
0x0000023d8083e630, 0x0000023dbdcf4b50, 0x0000023dbdcf58d0, 0x0000023dbdd0f040,
0x0000023dbdd0f900, 0x0000023dbdd10be0, 0x0000023dbdd1b0d0, 0x0000023dc0e57a40,
0x0000023dc0e57f50, 0x0000023dc0e5c480, 0x0000023dc0f765d0, 0x0000023dc0f9cb10,
0x0000023dc0fcda90, 0x0000023dc0fd0200, 0x0000023dc514dd50
}

Java Threads: ( => current thread )
=>0x0000023d8083e630 JavaThread "main" [_thread_in_native, id=24672, stack(0x000000cae1900000,0x000000cae1a00000)]
  0x0000023dbdcf4b50 JavaThread "Reference Handler" daemon [_thread_blocked, id=6292, stack(0x000000cae2000000,0x000000cae2100000)]
  0x0000023dbdcf58d0 JavaThread "Finalizer" daemon [_thread_blocked, id=39980, stack(0x000000cae2100000,0x000000cae2200000)]
  0x0000023dbdd0f040 JavaThread "Signal Dispatcher" daemon [_thread_blocked, id=26696, stack(0x000000cae2200000,0x000000cae2300000)]
  0x0000023dbdd0f900 JavaThread "Attach Listener" daemon [_thread_blocked, id=43024, stack(0x000000cae2300000,0x000000cae2400000)]
  0x0000023dbdd10be0 JavaThread "Service Thread" daemon [_thread_blocked, id=42544, stack(0x000000cae2400000,0x000000cae2500000)]
  0x0000023dbdd1b0d0 JavaThread "Monitor Deflation Thread" daemon [_thread_blocked, id=45120, stack(0x000000cae2500000,0x000000cae2600000)]
  0x0000023dc0e57a40 JavaThread "C2 CompilerThread0" daemon [_thread_blocked, id=33460, stack(0x000000cae2600000,0x000000cae2700000)]
  0x0000023dc0e57f50 JavaThread "C1 CompilerThread0" daemon [_thread_blocked, id=36536, stack(0x000000cae2700000,0x000000cae2800000)]
  0x0000023dc0e5c480 JavaThread "Sweeper thread" daemon [_thread_blocked, id=42324, stack(0x000000cae2800000,0x000000cae2900000)]
  0x0000023dc0f765d0 JavaThread "C1 CompilerThread1" daemon [_thread_blocked, id=36932, stack(0x000000cae2900000,0x000000cae2a00000)]
  0x0000023dc0f9cb10 JavaThread "C1 CompilerThread2" daemon [_thread_blocked, id=44932, stack(0x000000cae2a00000,0x000000cae2b00000)]
  0x0000023dc0fcda90 JavaThread "Notification Thread" daemon [_thread_blocked, id=10136, stack(0x000000cae2b00000,0x000000cae2c00000)]
  0x0000023dc0fd0200 JavaThread "Common-Cleaner" daemon [_thread_blocked, id=40988, stack(0x000000cae2d00000,0x000000cae2e00000)]
  0x0000023dc514dd50 JavaThread "LWJGL3 Timer" daemon [_thread_blocked, id=7728, stack(0x000000cae3900000,0x000000cae3a00000)]

Other Threads:
  0x0000023dbdcf1040 VMThread "VM Thread" [stack: 0x000000cae1f00000,0x000000cae2000000] [id=37496]
  0x0000023dc0fcdf60 WatcherThread [stack: 0x000000cae2c00000,0x000000cae2d00000] [id=38284]
  0x0000023d808f7150 GCTaskThread "GC Thread#0" [stack: 0x000000cae1a00000,0x000000cae1b00000] [id=45984]
  0x0000023dbdb2c7f0 ConcurrentGCThread "G1 Main Marker" [stack: 0x000000cae1b00000,0x000000cae1c00000] [id=33316]
  0x0000023d808fc0c0 ConcurrentGCThread "G1 Conc#0" [stack: 0x000000cae1c00000,0x000000cae1d00000] [id=45200]
  0x0000023dbdcc7010 ConcurrentGCThread "G1 Refine#0" [stack: 0x000000cae1d00000,0x000000cae1e00000] [id=4252]
  0x0000023dbdcc7940 ConcurrentGCThread "G1 Service" [stack: 0x000000cae1e00000,0x000000cae1f00000] [id=38080]

Threads with active compile tasks:

VM state: not at safepoint (normal execution)

VM Mutex/Monitor currently owned by a thread: None

Heap address: 0x0000000401800000, size: 16360 MB, Compressed Oops mode: Zero based, Oop shift amount: 3

CDS archive(s) mapped at: [0x0000000800000000-0x0000000800bc0000-0x0000000800bc0000), size 12320768, SharedBaseAddress: 0x0000000800000000, ArchiveRelocationMode: 0.
Compressed class space mapped at: 0x0000000800c00000-0x0000000840c00000, reserved size: 1073741824
Narrow klass base: 0x0000000800000000, Narrow klass shift: 0, Narrow klass range: 0x100000000

GC Precious Log:
 CPUs: 20 total, 20 available
 Memory: 65433M
 Large Page Support: Disabled
 NUMA Support: Disabled
 Compressed Oops: Enabled (Zero based)
 Heap Region Size: 8M
 Heap Min Capacity: 8M
 Heap Initial Capacity: 1G
 Heap Max Capacity: 16360M
 Pre-touch: Disabled
 Parallel Workers: 15
 Concurrent Workers: 4
 Concurrent Refinement Workers: 15
 Periodic GC: Disabled

Heap:
 garbage-first heap   total 1048576K, used 16384K [0x0000000401800000, 0x0000000800000000)
  region size 8192K, 3 young (24576K), 0 survivors (0K)
 Metaspace       used 6154K, committed 6336K, reserved 1064960K
  class space    used 437K, committed 512K, reserved 1048576K

Heap Regions: E=young(eden), S=young(survivor), O=old, HS=humongous(starts), HC=humongous(continues), CS=collection set, F=free, OA=open archive, CA=closed archive, TAMS=top-at-mark-start (previous, next)
|   0|0x0000000401800000, 0x0000000401800000, 0x0000000402000000|  0%| F|  |TAMS 0x0000000401800000, 0x0000000401800000| Untracked 
|   1|0x0000000402000000, 0x0000000402000000, 0x0000000402800000|  0%| F|  |TAMS 0x0000000402000000, 0x0000000402000000| Untracked 
|   2|0x0000000402800000, 0x0000000402800000, 0x0000000403000000|  0%| F|  |TAMS 0x0000000402800000, 0x0000000402800000| Untracked 
|   3|0x0000000403000000, 0x0000000403000000, 0x0000000403800000|  0%| F|  |TAMS 0x0000000403000000, 0x0000000403000000| Untracked 
|   4|0x0000000403800000, 0x0000000403800000, 0x0000000404000000|  0%| F|  |TAMS 0x0000000403800000, 0x0000000403800000| Untracked 
|   5|0x0000000404000000, 0x0000000404000000, 0x0000000404800000|  0%| F|  |TAMS 0x0000000404000000, 0x0000000404000000| Untracked 
|   6|0x0000000404800000, 0x0000000404800000, 0x0000000405000000|  0%| F|  |TAMS 0x0000000404800000, 0x0000000404800000| Untracked 
|   7|0x0000000405000000, 0x0000000405000000, 0x0000000405800000|  0%| F|  |TAMS 0x0000000405000000, 0x0000000405000000| Untracked 
|   8|0x0000000405800000, 0x0000000405800000, 0x0000000406000000|  0%| F|  |TAMS 0x0000000405800000, 0x0000000405800000| Untracked 
|   9|0x0000000406000000, 0x0000000406000000, 0x0000000406800000|  0%| F|  |TAMS 0x0000000406000000, 0x0000000406000000| Untracked 
|  10|0x0000000406800000, 0x0000000406800000, 0x0000000407000000|  0%| F|  |TAMS 0x0000000406800000, 0x0000000406800000| Untracked 
|  11|0x0000000407000000, 0x0000000407000000, 0x0000000407800000|  0%| F|  |TAMS 0x0000000407000000, 0x0000000407000000| Untracked 
|  12|0x0000000407800000, 0x0000000407800000, 0x0000000408000000|  0%| F|  |TAMS 0x0000000407800000, 0x0000000407800000| Untracked 
|  13|0x0000000408000000, 0x0000000408000000, 0x0000000408800000|  0%| F|  |TAMS 0x0000000408000000, 0x0000000408000000| Untracked 
|  14|0x0000000408800000, 0x0000000408800000, 0x0000000409000000|  0%| F|  |TAMS 0x0000000408800000, 0x0000000408800000| Untracked 
|  15|0x0000000409000000, 0x0000000409000000, 0x0000000409800000|  0%| F|  |TAMS 0x0000000409000000, 0x0000000409000000| Untracked 
|  16|0x0000000409800000, 0x0000000409800000, 0x000000040a000000|  0%| F|  |TAMS 0x0000000409800000, 0x0000000409800000| Untracked 
|  17|0x000000040a000000, 0x000000040a000000, 0x000000040a800000|  0%| F|  |TAMS 0x000000040a000000, 0x000000040a000000| Untracked 
|  18|0x000000040a800000, 0x000000040a800000, 0x000000040b000000|  0%| F|  |TAMS 0x000000040a800000, 0x000000040a800000| Untracked 
|  19|0x000000040b000000, 0x000000040b000000, 0x000000040b800000|  0%| F|  |TAMS 0x000000040b000000, 0x000000040b000000| Untracked 
|  20|0x000000040b800000, 0x000000040b800000, 0x000000040c000000|  0%| F|  |TAMS 0x000000040b800000, 0x000000040b800000| Untracked 
|  21|0x000000040c000000, 0x000000040c000000, 0x000000040c800000|  0%| F|  |TAMS 0x000000040c000000, 0x000000040c000000| Untracked 
|  22|0x000000040c800000, 0x000000040c800000, 0x000000040d000000|  0%| F|  |TAMS 0x000000040c800000, 0x000000040c800000| Untracked 
|  23|0x000000040d000000, 0x000000040d000000, 0x000000040d800000|  0%| F|  |TAMS 0x000000040d000000, 0x000000040d000000| Untracked 
|  24|0x000000040d800000, 0x000000040d800000, 0x000000040e000000|  0%| F|  |TAMS 0x000000040d800000, 0x000000040d800000| Untracked 
|  25|0x000000040e000000, 0x000000040e000000, 0x000000040e800000|  0%| F|  |TAMS 0x000000040e000000, 0x000000040e000000| Untracked 
|  26|0x000000040e800000, 0x000000040e800000, 0x000000040f000000|  0%| F|  |TAMS 0x000000040e800000, 0x000000040e800000| Untracked 
|  27|0x000000040f000000, 0x000000040f000000, 0x000000040f800000|  0%| F|  |TAMS 0x000000040f000000, 0x000000040f000000| Untracked 
|  28|0x000000040f800000, 0x000000040f800000, 0x0000000410000000|  0%| F|  |TAMS 0x000000040f800000, 0x000000040f800000| Untracked 
|  29|0x0000000410000000, 0x0000000410000000, 0x0000000410800000|  0%| F|  |TAMS 0x0000000410000000, 0x0000000410000000| Untracked 
|  30|0x0000000410800000, 0x0000000410800000, 0x0000000411000000|  0%| F|  |TAMS 0x0000000410800000, 0x0000000410800000| Untracked 
|  31|0x0000000411000000, 0x0000000411000000, 0x0000000411800000|  0%| F|  |TAMS 0x0000000411000000, 0x0000000411000000| Untracked 
|  32|0x0000000411800000, 0x0000000411800000, 0x0000000412000000|  0%| F|  |TAMS 0x0000000411800000, 0x0000000411800000| Untracked 
|  33|0x0000000412000000, 0x0000000412000000, 0x0000000412800000|  0%| F|  |TAMS 0x0000000412000000, 0x0000000412000000| Untracked 
|  34|0x0000000412800000, 0x0000000412800000, 0x0000000413000000|  0%| F|  |TAMS 0x0000000412800000, 0x0000000412800000| Untracked 
|  35|0x0000000413000000, 0x0000000413000000, 0x0000000413800000|  0%| F|  |TAMS 0x0000000413000000, 0x0000000413000000| Untracked 
|  36|0x0000000413800000, 0x0000000413800000, 0x0000000414000000|  0%| F|  |TAMS 0x0000000413800000, 0x0000000413800000| Untracked 
|  37|0x0000000414000000, 0x0000000414000000, 0x0000000414800000|  0%| F|  |TAMS 0x0000000414000000, 0x0000000414000000| Untracked 
|  38|0x0000000414800000, 0x0000000414800000, 0x0000000415000000|  0%| F|  |TAMS 0x0000000414800000, 0x0000000414800000| Untracked 
|  39|0x0000000415000000, 0x0000000415000000, 0x0000000415800000|  0%| F|  |TAMS 0x0000000415000000, 0x0000000415000000| Untracked 
|  40|0x0000000415800000, 0x0000000415800000, 0x0000000416000000|  0%| F|  |TAMS 0x0000000415800000, 0x0000000415800000| Untracked 
|  41|0x0000000416000000, 0x0000000416000000, 0x0000000416800000|  0%| F|  |TAMS 0x0000000416000000, 0x0000000416000000| Untracked 
|  42|0x0000000416800000, 0x0000000416800000, 0x0000000417000000|  0%| F|  |TAMS 0x0000000416800000, 0x0000000416800000| Untracked 
|  43|0x0000000417000000, 0x0000000417000000, 0x0000000417800000|  0%| F|  |TAMS 0x0000000417000000, 0x0000000417000000| Untracked 
|  44|0x0000000417800000, 0x0000000417800000, 0x0000000418000000|  0%| F|  |TAMS 0x0000000417800000, 0x0000000417800000| Untracked 
|  45|0x0000000418000000, 0x0000000418000000, 0x0000000418800000|  0%| F|  |TAMS 0x0000000418000000, 0x0000000418000000| Untracked 
|  46|0x0000000418800000, 0x0000000418800000, 0x0000000419000000|  0%| F|  |TAMS 0x0000000418800000, 0x0000000418800000| Untracked 
|  47|0x0000000419000000, 0x0000000419000000, 0x0000000419800000|  0%| F|  |TAMS 0x0000000419000000, 0x0000000419000000| Untracked 
|  48|0x0000000419800000, 0x0000000419800000, 0x000000041a000000|  0%| F|  |TAMS 0x0000000419800000, 0x0000000419800000| Untracked 
|  49|0x000000041a000000, 0x000000041a000000, 0x000000041a800000|  0%| F|  |TAMS 0x000000041a000000, 0x000000041a000000| Untracked 
|  50|0x000000041a800000, 0x000000041a800000, 0x000000041b000000|  0%| F|  |TAMS 0x000000041a800000, 0x000000041a800000| Untracked 
|  51|0x000000041b000000, 0x000000041b000000, 0x000000041b800000|  0%| F|  |TAMS 0x000000041b000000, 0x000000041b000000| Untracked 
|  52|0x000000041b800000, 0x000000041b800000, 0x000000041c000000|  0%| F|  |TAMS 0x000000041b800000, 0x000000041b800000| Untracked 
|  53|0x000000041c000000, 0x000000041c000000, 0x000000041c800000|  0%| F|  |TAMS 0x000000041c000000, 0x000000041c000000| Untracked 
|  54|0x000000041c800000, 0x000000041c800000, 0x000000041d000000|  0%| F|  |TAMS 0x000000041c800000, 0x000000041c800000| Untracked 
|  55|0x000000041d000000, 0x000000041d000000, 0x000000041d800000|  0%| F|  |TAMS 0x000000041d000000, 0x000000041d000000| Untracked 
|  56|0x000000041d800000, 0x000000041d800000, 0x000000041e000000|  0%| F|  |TAMS 0x000000041d800000, 0x000000041d800000| Untracked 
|  57|0x000000041e000000, 0x000000041e000000, 0x000000041e800000|  0%| F|  |TAMS 0x000000041e000000, 0x000000041e000000| Untracked 
|  58|0x000000041e800000, 0x000000041e800000, 0x000000041f000000|  0%| F|  |TAMS 0x000000041e800000, 0x000000041e800000| Untracked 
|  59|0x000000041f000000, 0x000000041f000000, 0x000000041f800000|  0%| F|  |TAMS 0x000000041f000000, 0x000000041f000000| Untracked 
|  60|0x000000041f800000, 0x000000041f800000, 0x0000000420000000|  0%| F|  |TAMS 0x000000041f800000, 0x000000041f800000| Untracked 
|  61|0x0000000420000000, 0x0000000420000000, 0x0000000420800000|  0%| F|  |TAMS 0x0000000420000000, 0x0000000420000000| Untracked 
|  62|0x0000000420800000, 0x0000000420800000, 0x0000000421000000|  0%| F|  |TAMS 0x0000000420800000, 0x0000000420800000| Untracked 
|  63|0x0000000421000000, 0x0000000421000000, 0x0000000421800000|  0%| F|  |TAMS 0x0000000421000000, 0x0000000421000000| Untracked 
|  64|0x0000000421800000, 0x0000000421800000, 0x0000000422000000|  0%| F|  |TAMS 0x0000000421800000, 0x0000000421800000| Untracked 
|  65|0x0000000422000000, 0x0000000422000000, 0x0000000422800000|  0%| F|  |TAMS 0x0000000422000000, 0x0000000422000000| Untracked 
|  66|0x0000000422800000, 0x0000000422800000, 0x0000000423000000|  0%| F|  |TAMS 0x0000000422800000, 0x0000000422800000| Untracked 
|  67|0x0000000423000000, 0x0000000423000000, 0x0000000423800000|  0%| F|  |TAMS 0x0000000423000000, 0x0000000423000000| Untracked 
|  68|0x0000000423800000, 0x0000000423800000, 0x0000000424000000|  0%| F|  |TAMS 0x0000000423800000, 0x0000000423800000| Untracked 
|  69|0x0000000424000000, 0x0000000424000000, 0x0000000424800000|  0%| F|  |TAMS 0x0000000424000000, 0x0000000424000000| Untracked 
|  70|0x0000000424800000, 0x0000000424800000, 0x0000000425000000|  0%| F|  |TAMS 0x0000000424800000, 0x0000000424800000| Untracked 
|  71|0x0000000425000000, 0x0000000425000000, 0x0000000425800000|  0%| F|  |TAMS 0x0000000425000000, 0x0000000425000000| Untracked 
|  72|0x0000000425800000, 0x0000000425800000, 0x0000000426000000|  0%| F|  |TAMS 0x0000000425800000, 0x0000000425800000| Untracked 
|  73|0x0000000426000000, 0x0000000426000000, 0x0000000426800000|  0%| F|  |TAMS 0x0000000426000000, 0x0000000426000000| Untracked 
|  74|0x0000000426800000, 0x0000000426800000, 0x0000000427000000|  0%| F|  |TAMS 0x0000000426800000, 0x0000000426800000| Untracked 
|  75|0x0000000427000000, 0x0000000427000000, 0x0000000427800000|  0%| F|  |TAMS 0x0000000427000000, 0x0000000427000000| Untracked 
|  76|0x0000000427800000, 0x0000000427800000, 0x0000000428000000|  0%| F|  |TAMS 0x0000000427800000, 0x0000000427800000| Untracked 
|  77|0x0000000428000000, 0x0000000428000000, 0x0000000428800000|  0%| F|  |TAMS 0x0000000428000000, 0x0000000428000000| Untracked 
|  78|0x0000000428800000, 0x0000000428800000, 0x0000000429000000|  0%| F|  |TAMS 0x0000000428800000, 0x0000000428800000| Untracked 
|  79|0x0000000429000000, 0x0000000429000000, 0x0000000429800000|  0%| F|  |TAMS 0x0000000429000000, 0x0000000429000000| Untracked 
|  80|0x0000000429800000, 0x0000000429800000, 0x000000042a000000|  0%| F|  |TAMS 0x0000000429800000, 0x0000000429800000| Untracked 
|  81|0x000000042a000000, 0x000000042a000000, 0x000000042a800000|  0%| F|  |TAMS 0x000000042a000000, 0x000000042a000000| Untracked 
|  82|0x000000042a800000, 0x000000042a800000, 0x000000042b000000|  0%| F|  |TAMS 0x000000042a800000, 0x000000042a800000| Untracked 
|  83|0x000000042b000000, 0x000000042b000000, 0x000000042b800000|  0%| F|  |TAMS 0x000000042b000000, 0x000000042b000000| Untracked 
|  84|0x000000042b800000, 0x000000042b800000, 0x000000042c000000|  0%| F|  |TAMS 0x000000042b800000, 0x000000042b800000| Untracked 
|  85|0x000000042c000000, 0x000000042c000000, 0x000000042c800000|  0%| F|  |TAMS 0x000000042c000000, 0x000000042c000000| Untracked 
|  86|0x000000042c800000, 0x000000042c800000, 0x000000042d000000|  0%| F|  |TAMS 0x000000042c800000, 0x000000042c800000| Untracked 
|  87|0x000000042d000000, 0x000000042d000000, 0x000000042d800000|  0%| F|  |TAMS 0x000000042d000000, 0x000000042d000000| Untracked 
|  88|0x000000042d800000, 0x000000042d800000, 0x000000042e000000|  0%| F|  |TAMS 0x000000042d800000, 0x000000042d800000| Untracked 
|  89|0x000000042e000000, 0x000000042e000000, 0x000000042e800000|  0%| F|  |TAMS 0x000000042e000000, 0x000000042e000000| Untracked 
|  90|0x000000042e800000, 0x000000042e800000, 0x000000042f000000|  0%| F|  |TAMS 0x000000042e800000, 0x000000042e800000| Untracked 
|  91|0x000000042f000000, 0x000000042f000000, 0x000000042f800000|  0%| F|  |TAMS 0x000000042f000000, 0x000000042f000000| Untracked 
|  92|0x000000042f800000, 0x000000042f800000, 0x0000000430000000|  0%| F|  |TAMS 0x000000042f800000, 0x000000042f800000| Untracked 
|  93|0x0000000430000000, 0x0000000430000000, 0x0000000430800000|  0%| F|  |TAMS 0x0000000430000000, 0x0000000430000000| Untracked 
|  94|0x0000000430800000, 0x0000000430800000, 0x0000000431000000|  0%| F|  |TAMS 0x0000000430800000, 0x0000000430800000| Untracked 
|  95|0x0000000431000000, 0x0000000431000000, 0x0000000431800000|  0%| F|  |TAMS 0x0000000431000000, 0x0000000431000000| Untracked 
|  96|0x0000000431800000, 0x0000000431800000, 0x0000000432000000|  0%| F|  |TAMS 0x0000000431800000, 0x0000000431800000| Untracked 
|  97|0x0000000432000000, 0x0000000432000000, 0x0000000432800000|  0%| F|  |TAMS 0x0000000432000000, 0x0000000432000000| Untracked 
|  98|0x0000000432800000, 0x0000000432800000, 0x0000000433000000|  0%| F|  |TAMS 0x0000000432800000, 0x0000000432800000| Untracked 
|  99|0x0000000433000000, 0x0000000433000000, 0x0000000433800000|  0%| F|  |TAMS 0x0000000433000000, 0x0000000433000000| Untracked 
| 100|0x0000000433800000, 0x0000000433800000, 0x0000000434000000|  0%| F|  |TAMS 0x0000000433800000, 0x0000000433800000| Untracked 
| 101|0x0000000434000000, 0x0000000434000000, 0x0000000434800000|  0%| F|  |TAMS 0x0000000434000000, 0x0000000434000000| Untracked 
| 102|0x0000000434800000, 0x0000000434800000, 0x0000000435000000|  0%| F|  |TAMS 0x0000000434800000, 0x0000000434800000| Untracked 
| 103|0x0000000435000000, 0x0000000435000000, 0x0000000435800000|  0%| F|  |TAMS 0x0000000435000000, 0x0000000435000000| Untracked 
| 104|0x0000000435800000, 0x0000000435800000, 0x0000000436000000|  0%| F|  |TAMS 0x0000000435800000, 0x0000000435800000| Untracked 
| 105|0x0000000436000000, 0x0000000436000000, 0x0000000436800000|  0%| F|  |TAMS 0x0000000436000000, 0x0000000436000000| Untracked 
| 106|0x0000000436800000, 0x0000000436800000, 0x0000000437000000|  0%| F|  |TAMS 0x0000000436800000, 0x0000000436800000| Untracked 
| 107|0x0000000437000000, 0x0000000437000000, 0x0000000437800000|  0%| F|  |TAMS 0x0000000437000000, 0x0000000437000000| Untracked 
| 108|0x0000000437800000, 0x0000000437800000, 0x0000000438000000|  0%| F|  |TAMS 0x0000000437800000, 0x0000000437800000| Untracked 
| 109|0x0000000438000000, 0x0000000438000000, 0x0000000438800000|  0%| F|  |TAMS 0x0000000438000000, 0x0000000438000000| Untracked 
| 110|0x0000000438800000, 0x0000000438800000, 0x0000000439000000|  0%| F|  |TAMS 0x0000000438800000, 0x0000000438800000| Untracked 
| 111|0x0000000439000000, 0x0000000439000000, 0x0000000439800000|  0%| F|  |TAMS 0x0000000439000000, 0x0000000439000000| Untracked 
| 112|0x0000000439800000, 0x0000000439800000, 0x000000043a000000|  0%| F|  |TAMS 0x0000000439800000, 0x0000000439800000| Untracked 
| 113|0x000000043a000000, 0x000000043a000000, 0x000000043a800000|  0%| F|  |TAMS 0x000000043a000000, 0x000000043a000000| Untracked 
| 114|0x000000043a800000, 0x000000043a800000, 0x000000043b000000|  0%| F|  |TAMS 0x000000043a800000, 0x000000043a800000| Untracked 
| 115|0x000000043b000000, 0x000000043b000000, 0x000000043b800000|  0%| F|  |TAMS 0x000000043b000000, 0x000000043b000000| Untracked 
| 116|0x000000043b800000, 0x000000043b800000, 0x000000043c000000|  0%| F|  |TAMS 0x000000043b800000, 0x000000043b800000| Untracked 
| 117|0x000000043c000000, 0x000000043c000000, 0x000000043c800000|  0%| F|  |TAMS 0x000000043c000000, 0x000000043c000000| Untracked 
| 118|0x000000043c800000, 0x000000043c800000, 0x000000043d000000|  0%| F|  |TAMS 0x000000043c800000, 0x000000043c800000| Untracked 
| 119|0x000000043d000000, 0x000000043d000000, 0x000000043d800000|  0%| F|  |TAMS 0x000000043d000000, 0x000000043d000000| Untracked 
| 120|0x000000043d800000, 0x000000043d800000, 0x000000043e000000|  0%| F|  |TAMS 0x000000043d800000, 0x000000043d800000| Untracked 
| 121|0x000000043e000000, 0x000000043e000000, 0x000000043e800000|  0%| F|  |TAMS 0x000000043e000000, 0x000000043e000000| Untracked 
| 122|0x000000043e800000, 0x000000043e800000, 0x000000043f000000|  0%| F|  |TAMS 0x000000043e800000, 0x000000043e800000| Untracked 
| 123|0x000000043f000000, 0x000000043f000000, 0x000000043f800000|  0%| F|  |TAMS 0x000000043f000000, 0x000000043f000000| Untracked 
| 124|0x000000043f800000, 0x000000043f800000, 0x0000000440000000|  0%| F|  |TAMS 0x000000043f800000, 0x000000043f800000| Untracked 
| 125|0x0000000440000000, 0x00000004407ce318, 0x0000000440800000| 97%| E|  |TAMS 0x0000000440000000, 0x0000000440000000| Complete 
| 126|0x0000000440800000, 0x0000000441000000, 0x0000000441000000|100%| E|CS|TAMS 0x0000000440800000, 0x0000000440800000| Complete 
| 127|0x0000000441000000, 0x0000000441800000, 0x0000000441800000|100%| E|CS|TAMS 0x0000000441000000, 0x0000000441000000| Complete 

Card table byte_map: [0x0000023d99ad0000,0x0000023d9bad0000] _byte_map_base: 0x0000023d97ac4000

Marking Bits (Prev, Next): (CMBitMap*) 0x0000023d808f7670, (CMBitMap*) 0x0000023d808f76b0
 Prev Bits: [0x0000023d9dad0000, 0x0000023dada70000)
 Next Bits: [0x0000023dada70000, 0x0000023dbda10000)

Polling page: 0x0000023d80000000

Metaspace:

Usage:
  Non-class:      5.58 MB used.
      Class:    437.80 KB used.
       Both:      6.01 MB used.

Virtual space:
  Non-class space:       16.00 MB reserved,       5.69 MB ( 36%) committed,  2 nodes.
      Class space:        1.00 GB reserved,     512.00 KB ( <1%) committed,  1 nodes.
             Both:        1.02 GB reserved,       6.19 MB ( <1%) committed. 

Chunk freelists:
   Non-Class:  3.95 MB
       Class:  3.41 MB
        Both:  7.36 MB

MaxMetaspaceSize: unlimited
CompressedClassSpaceSize: 1.00 GB
Initial GC threshold: 21.00 MB
Current GC threshold: 21.00 MB
CDS: on
MetaspaceReclaimPolicy: balanced
 - commit_granule_bytes: 65536.
 - commit_granule_words: 8192.
 - virtual_space_node_default_size: 1048576.
 - enlarge_chunks_in_place: 1.
 - new_chunks_are_fully_committed: 0.
 - uncommit_free_chunks: 1.
 - use_allocation_guard: 0.
 - handle_deallocations: 1.


Internal statistics:

num_allocs_failed_limit: 0.
num_arena_births: 66.
num_arena_deaths: 0.
num_vsnodes_births: 3.
num_vsnodes_deaths: 0.
num_space_committed: 97.
num_space_uncommitted: 0.
num_chunks_returned_to_freelist: 0.
num_chunks_taken_from_freelist: 241.
num_chunk_merges: 0.
num_chunk_splits: 172.
num_chunks_enlarged: 141.
num_purges: 0.
num_inconsistent_stats: 0.

CodeHeap 'non-profiled nmethods': size=119168Kb used=379Kb max_used=379Kb free=118788Kb
 bounds [0x0000023d8fbd0000, 0x0000023d8fe40000, 0x0000023d97030000]
CodeHeap 'profiled nmethods': size=119104Kb used=2046Kb max_used=2046Kb free=117057Kb
 bounds [0x0000023d88780000, 0x0000023d889f0000, 0x0000023d8fbd0000]
CodeHeap 'non-nmethods': size=7488Kb used=2754Kb max_used=2775Kb free=4733Kb
 bounds [0x0000023d88030000, 0x0000023d882f0000, 0x0000023d88780000]
 total_blobs=2265 nmethods=1198 adapters=978
 compilation: enabled
              stopped_count=0, restarted_count=0
 full_count=0

Compilation events (20 events):
Event: 1.330 Thread 0x0000023dc0f765d0 1189       3       com.badlogic.gdx.graphics.Mesh::unbind (7 bytes)
Event: 1.330 Thread 0x0000023dc0e57a40 1191       4       java.lang.StringBuilder::append (8 bytes)
Event: 1.330 Thread 0x0000023dc0f765d0 nmethod 1189 0x0000023d88979990 code [0x0000023d88979b40, 0x0000023d88979c88]
Event: 1.330 Thread 0x0000023dc0f765d0 1190       3       com.badlogic.gdx.graphics.Mesh::unbind (63 bytes)
Event: 1.330 Thread 0x0000023dc0f765d0 nmethod 1190 0x0000023d88979d10 code [0x0000023d88979f00, 0x0000023d8897a4e8]
Event: 1.330 Thread 0x0000023dc0f9cb10 nmethod 1188 0x0000023d8897a690 code [0x0000023d8897a880, 0x0000023d8897ae68]
Event: 1.330 Thread 0x0000023dc0e57f50 nmethod 1186 0x0000023d8897b010 code [0x0000023d8897b460, 0x0000023d8897d1e8]
Event: 1.333 Thread 0x0000023dc0e57a40 nmethod 1191 0x0000023d8fc2dd10 code [0x0000023d8fc2dec0, 0x0000023d8fc2e5c8]
Event: 1.333 Thread 0x0000023dc0e57a40 1192       4       java.lang.String::isEmpty (14 bytes)
Event: 1.333 Thread 0x0000023dc0e57a40 nmethod 1192 0x0000023d8fc2e990 code [0x0000023d8fc2eb00, 0x0000023d8fc2eb98]
Event: 1.344 Thread 0x0000023dc0e57f50 1194       1       com.mygdx.game.objects.GameScreen::getdeltaTime (5 bytes)
Event: 1.344 Thread 0x0000023dc0e57f50 nmethod 1194 0x0000023d8fc2ec90 code [0x0000023d8fc2ee20, 0x0000023d8fc2eef8]
Event: 1.344 Thread 0x0000023dc0f9cb10 1195       3       java.util.regex.Matcher::getTextLength (10 bytes)
Event: 1.345 Thread 0x0000023dc0f9cb10 nmethod 1195 0x0000023d8897dc90 code [0x0000023d8897de40, 0x0000023d8897e028]
Event: 1.345 Thread 0x0000023dc0e57f50 1196       3       java.lang.CharacterDataLatin1::getType (11 bytes)
Event: 1.345 Thread 0x0000023dc0f9cb10 1197       3       com.badlogic.gdx.graphics.g2d.BitmapFont$BitmapFontData::getGlyph (25 bytes)
Event: 1.345 Thread 0x0000023dc0f765d0 1198       3       com.badlogic.gdx.graphics.g2d.BitmapFontCache::addGlyph (395 bytes)
Event: 1.345 Thread 0x0000023dc0e57f50 nmethod 1196 0x0000023d8897e110 code [0x0000023d8897e2c0, 0x0000023d8897e478]
Event: 1.345 Thread 0x0000023dc0f9cb10 nmethod 1197 0x0000023d8897e590 code [0x0000023d8897e740, 0x0000023d8897e958]
Event: 1.345 Thread 0x0000023dc0f765d0 nmethod 1198 0x0000023d8897ea90 code [0x0000023d8897ecc0, 0x0000023d8897f448]

GC Heap History (0 events):
No events

Deoptimization events (20 events):
Event: 0.540 Thread 0x0000023d8083e630 Uncommon trap: trap_request=0xffffffde fr.pc=0x0000023d8fbf90f8 relative=0x0000000000000438
Event: 0.540 Thread 0x0000023d8083e630 Uncommon trap: reason=class_check action=maybe_recompile pc=0x0000023d8fbf90f8 method=java.util.HashMap.getNode(Ljava/lang/Object;)Ljava/util/HashMap$Node; @ 128 c2
Event: 0.540 Thread 0x0000023d8083e630 DEOPT PACKING pc=0x0000023d8fbf90f8 sp=0x000000cae19fdf10
Event: 0.540 Thread 0x0000023d8083e630 DEOPT UNPACKING pc=0x0000023d880823a3 sp=0x000000cae19fde28 mode 2
Event: 0.551 Thread 0x0000023d8083e630 Uncommon trap: trap_request=0xffffff45 fr.pc=0x0000023d8fbd4f5c relative=0x000000000000005c
Event: 0.551 Thread 0x0000023d8083e630 Uncommon trap: reason=unstable_if action=reinterpret pc=0x0000023d8fbd4f5c method=java.lang.String.isLatin1()Z @ 10 c2
Event: 0.551 Thread 0x0000023d8083e630 DEOPT PACKING pc=0x0000023d8fbd4f5c sp=0x000000cae19fe8a0
Event: 0.551 Thread 0x0000023d8083e630 DEOPT UNPACKING pc=0x0000023d880823a3 sp=0x000000cae19fe830 mode 2
Event: 0.553 Thread 0x0000023d8083e630 Uncommon trap: trap_request=0xffffff5c fr.pc=0x0000023d8fc09458 relative=0x0000000000000058
Event: 0.553 Thread 0x0000023d8083e630 Uncommon trap: reason=speculate_null_check action=make_not_entrant pc=0x0000023d8fc09458 method=sun.misc.Unsafe.getLong(Ljava/lang/Object;J)J @ 5 c2
Event: 0.554 Thread 0x0000023d8083e630 DEOPT PACKING pc=0x0000023d8fc09458 sp=0x000000cae19fef10
Event: 0.554 Thread 0x0000023d8083e630 DEOPT UNPACKING pc=0x0000023d880823a3 sp=0x000000cae19fee88 mode 2
Event: 0.667 Thread 0x0000023d8083e630 Uncommon trap: trap_request=0xffffff45 fr.pc=0x0000023d8fc10f04 relative=0x00000000000000e4
Event: 0.667 Thread 0x0000023d8083e630 Uncommon trap: reason=unstable_if action=reinterpret pc=0x0000023d8fc10f04 method=sun.net.www.ParseUtil.firstEncodeIndex(Ljava/lang/String;)I @ 73 c2
Event: 0.667 Thread 0x0000023d8083e630 DEOPT PACKING pc=0x0000023d8fc10f04 sp=0x000000cae19fe9e0
Event: 0.667 Thread 0x0000023d8083e630 DEOPT UNPACKING pc=0x0000023d880823a3 sp=0x000000cae19fe970 mode 2
Event: 0.685 Thread 0x0000023d8083e630 DEOPT PACKING pc=0x0000023d887b1656 sp=0x000000cae19fe8a0
Event: 0.685 Thread 0x0000023d8083e630 DEOPT UNPACKING pc=0x0000023d88082b43 sp=0x000000cae19fdd40 mode 0
Event: 1.198 Thread 0x0000023d8083e630 DEOPT PACKING pc=0x0000023d8895bd7e sp=0x000000cae19ff2c0
Event: 1.198 Thread 0x0000023d8083e630 DEOPT UNPACKING pc=0x0000023d88082b43 sp=0x000000cae19fe808 mode 0

Classes unloaded (0 events):
No events

Classes redefined (0 events):
No events

Internal exceptions (20 events):
Event: 0.136 Thread 0x0000023d8083e630 Exception <a 'java/lang/NoSuchMethodError'{0x00000004409b49f0}: 'int java.lang.invoke.DirectMethodHandle$Holder.invokeSpecial(java.lang.Object, java.lang.Object, java.lang.Object)'> (0x00000004409b49f0) 
thrown [t:\workspace\open\src\hotspot\share\interpreter\linkResolver.cpp, line 766]
Event: 0.151 Thread 0x0000023d8083e630 Exception <a 'sun/nio/fs/WindowsException'{0x0000000440a517d0}> (0x0000000440a517d0) 
thrown [t:\workspace\open\src\hotspot\share\prims\jni.cpp, line 516]
Event: 0.151 Thread 0x0000023d8083e630 Exception <a 'sun/nio/fs/WindowsException'{0x0000000440a51d20}> (0x0000000440a51d20) 
thrown [t:\workspace\open\src\hotspot\share\prims\jni.cpp, line 516]
Event: 0.157 Thread 0x0000023d8083e630 Exception <a 'java/lang/NoSuchMethodError'{0x0000000440a92598}: 'int java.lang.invoke.DirectMethodHandle$Holder.invokeStaticInit(java.lang.Object, java.lang.Object, int, long)'> (0x0000000440a92598) 
thrown [t:\workspace\open\src\hotspot\share\interpreter\linkResolver.cpp, line 766]
Event: 0.157 Thread 0x0000023d8083e630 Exception <a 'java/lang/NoSuchMethodError'{0x0000000440a97e60}: 'java.lang.Object java.lang.invoke.DirectMethodHandle$Holder.newInvokeSpecial(java.lang.Object, java.lang.Object, int)'> (0x0000000440a97e60) 
thrown [t:\workspace\open\src\hotspot\share\interpreter\linkResolver.cpp, line 766]
Event: 0.158 Thread 0x0000023d8083e630 Exception <a 'java/lang/NoSuchMethodError'{0x0000000440aac8d8}: 'int java.lang.invoke.DirectMethodHandle$Holder.invokeStaticInit(java.lang.Object, java.lang.Object, long, long)'> (0x0000000440aac8d8) 
thrown [t:\workspace\open\src\hotspot\share\interpreter\linkResolver.cpp, line 766]
Event: 0.159 Thread 0x0000023d8083e630 Exception <a 'java/lang/NoSuchMethodError'{0x0000000440ab29e8}: 'java.lang.Object java.lang.invoke.DirectMethodHandle$Holder.newInvokeSpecial(java.lang.Object, java.lang.Object, long)'> (0x0000000440ab29e8) 
thrown [t:\workspace\open\src\hotspot\share\interpreter\linkResolver.cpp, line 766]
Event: 0.159 Thread 0x0000023d8083e630 Exception <a 'java/lang/NoSuchMethodError'{0x0000000440ab6a30}: 'java.lang.Object java.lang.invoke.Invokers$Holder.linkToTargetMethod(java.lang.Object, long, java.lang.Object)'> (0x0000000440ab6a30) 
thrown [t:\workspace\open\src\hotspot\share\interpreter\linkResolver.cpp, line 766]
Event: 0.160 Thread 0x0000023d8083e630 Exception <a 'java/lang/NoSuchMethodError'{0x0000000440abe148}: 'int java.lang.invoke.DirectMethodHandle$Holder.invokeStaticInit(java.lang.Object, java.lang.Object, java.lang.Object, long)'> (0x0000000440abe148) 
thrown [t:\workspace\open\src\hotspot\share\interpreter\linkResolver.cpp, line 766]
Event: 0.170 Thread 0x0000023d8083e630 Exception <a 'sun/nio/fs/WindowsException'{0x0000000440b73620}> (0x0000000440b73620) 
thrown [t:\workspace\open\src\hotspot\share\prims\jni.cpp, line 516]
Event: 0.170 Thread 0x0000023d8083e630 Exception <a 'sun/nio/fs/WindowsException'{0x0000000440b739b0}> (0x0000000440b739b0) 
thrown [t:\workspace\open\src\hotspot\share\prims\jni.cpp, line 516]
Event: 0.183 Thread 0x0000023d8083e630 Exception <a 'sun/nio/fs/WindowsException'{0x0000000440c349c8}> (0x0000000440c349c8) 
thrown [t:\workspace\open\src\hotspot\share\prims\jni.cpp, line 516]
Event: 0.183 Thread 0x0000023d8083e630 Exception <a 'sun/nio/fs/WindowsException'{0x0000000440c34d28}> (0x0000000440c34d28) 
thrown [t:\workspace\open\src\hotspot\share\prims\jni.cpp, line 516]
Event: 0.216 Thread 0x0000023d8083e630 Exception <a 'sun/nio/fs/WindowsException'{0x0000000440cc4420}> (0x0000000440cc4420) 
thrown [t:\workspace\open\src\hotspot\share\prims\jni.cpp, line 516]
Event: 0.216 Thread 0x0000023d8083e630 Exception <a 'sun/nio/fs/WindowsException'{0x0000000440cc47a0}> (0x0000000440cc47a0) 
thrown [t:\workspace\open\src\hotspot\share\prims\jni.cpp, line 516]
Event: 0.239 Thread 0x0000023d8083e630 Exception <a 'java/lang/NoSuchMethodError'{0x0000000440d0f8b8}: 'java.lang.Object java.lang.invoke.DirectMethodHandle$Holder.newInvokeSpecial(java.lang.Object, long)'> (0x0000000440d0f8b8) 
thrown [t:\workspace\open\src\hotspot\share\interpreter\linkResolver.cpp, line 766]
Event: 0.542 Thread 0x0000023d8083e630 Exception <a 'sun/nio/fs/WindowsException'{0x0000000440e385b8}> (0x0000000440e385b8) 
thrown [t:\workspace\open\src\hotspot\share\prims\jni.cpp, line 516]
Event: 0.542 Thread 0x0000023d8083e630 Exception <a 'sun/nio/fs/WindowsException'{0x0000000440e38960}> (0x0000000440e38960) 
thrown [t:\workspace\open\src\hotspot\share\prims\jni.cpp, line 516]
Event: 0.544 Thread 0x0000023d8083e630 Exception <a 'sun/nio/fs/WindowsException'{0x0000000440e47b80}> (0x0000000440e47b80) 
thrown [t:\workspace\open\src\hotspot\share\prims\jni.cpp, line 516]
Event: 0.544 Thread 0x0000023d8083e630 Exception <a 'sun/nio/fs/WindowsException'{0x0000000440e47e60}> (0x0000000440e47e60) 
thrown [t:\workspace\open\src\hotspot\share\prims\jni.cpp, line 516]

VM Operations (10 events):
Event: 0.065 Executing VM operation: HandshakeAllThreads
Event: 0.065 Executing VM operation: HandshakeAllThreads done
Event: 0.110 Executing VM operation: HandshakeAllThreads
Event: 0.110 Executing VM operation: HandshakeAllThreads done
Event: 0.135 Executing VM operation: HandshakeAllThreads
Event: 0.135 Executing VM operation: HandshakeAllThreads done
Event: 0.588 Executing VM operation: HandshakeAllThreads
Event: 0.588 Executing VM operation: HandshakeAllThreads done
Event: 0.701 Executing VM operation: HandshakeAllThreads
Event: 0.701 Executing VM operation: HandshakeAllThreads done

Events (20 events):
Event: 0.665 loading class sun/net/ProgressMonitor done
Event: 0.665 loading class sun/net/DefaultProgressMeteringPolicy
Event: 0.665 loading class sun/net/ProgressMeteringPolicy
Event: 0.665 loading class sun/net/ProgressMeteringPolicy done
Event: 0.665 loading class sun/net/DefaultProgressMeteringPolicy done
Event: 0.687 loading class jdk/internal/math/FloatingDecimal$ASCIIToBinaryBuffer
Event: 0.687 loading class jdk/internal/math/FloatingDecimal$ASCIIToBinaryBuffer done
Event: 0.690 Thread 0x0000023dc4f34190 Thread added: 0x0000023dc4f34190
Event: 0.690 Thread 0x0000023dc4f41190 Thread added: 0x0000023dc4f41190
Event: 0.696 loading class java/util/regex/Pattern$1
Event: 0.696 loading class java/util/regex/Pattern$1 done
Event: 0.714 loading class java/lang/Math$RandomNumberGeneratorHolder
Event: 0.714 loading class java/lang/Math$RandomNumberGeneratorHolder done
Event: 0.718 loading class java/lang/SecurityException
Event: 0.718 loading class java/lang/SecurityException done
Event: 0.718 loading class java/lang/reflect/InvocationTargetException
Event: 0.718 loading class java/lang/reflect/InvocationTargetException done
Event: 0.722 Thread 0x0000023dc514dd50 Thread added: 0x0000023dc514dd50
Event: 0.863 Thread 0x0000023dc4f41190 Thread exited: 0x0000023dc4f41190
Event: 0.863 Thread 0x0000023dc4f34190 Thread exited: 0x0000023dc4f34190


Dynamic libraries:
0x00007ff7e9c40000 - 0x00007ff7e9c50000 	C:\Program Files\Java\jdk-17\bin\javaw.exe
0x00007ffe877a0000 - 0x00007ffe879a9000 	C:\WINDOWS\SYSTEM32\ntdll.dll
0x00007ffe87120000 - 0x00007ffe871dd000 	C:\WINDOWS\System32\KERNEL32.DLL
0x00007ffe84fc0000 - 0x00007ffe85339000 	C:\WINDOWS\System32\KERNELBASE.dll
0x00007ffe82150000 - 0x00007ffe821e1000 	C:\WINDOWS\SYSTEM32\apphelp.dll
0x00007ffe85430000 - 0x00007ffe85541000 	C:\WINDOWS\System32\ucrtbase.dll
0x00007ffe6fe80000 - 0x00007ffe6fe9a000 	C:\Program Files\Java\jdk-17\bin\VCRUNTIME140.dll
0x00007ffe6fc00000 - 0x00007ffe6fc18000 	C:\Program Files\Java\jdk-17\bin\jli.dll
0x00007ffe857e0000 - 0x00007ffe8588e000 	C:\WINDOWS\System32\ADVAPI32.dll
0x00007ffe86260000 - 0x00007ffe86303000 	C:\WINDOWS\System32\msvcrt.dll
0x00007ffe858b0000 - 0x00007ffe8594e000 	C:\WINDOWS\System32\sechost.dll
0x00007ffe87640000 - 0x00007ffe87760000 	C:\WINDOWS\System32\RPCRT4.dll
0x00007ffe86dc0000 - 0x00007ffe86f6c000 	C:\WINDOWS\System32\USER32.dll
0x00007ffe85400000 - 0x00007ffe85426000 	C:\WINDOWS\System32\win32u.dll
0x00007ffe75970000 - 0x00007ffe75c15000 	C:\WINDOWS\WinSxS\amd64_microsoft.windows.common-controls_6595b64144ccf1df_6.0.22000.120_none_9d947278b86cc467\COMCTL32.dll
0x00007ffe86800000 - 0x00007ffe86829000 	C:\WINDOWS\System32\GDI32.dll
0x00007ffe84ea0000 - 0x00007ffe84fb2000 	C:\WINDOWS\System32\gdi32full.dll
0x00007ffe84e00000 - 0x00007ffe84e9d000 	C:\WINDOWS\System32\msvcp_win.dll
0x00007ffe80290000 - 0x00007ffe8029a000 	C:\WINDOWS\SYSTEM32\VERSION.dll
0x00007ffe87480000 - 0x00007ffe874b1000 	C:\WINDOWS\System32\IMM32.DLL
0x00007ffe7bf50000 - 0x00007ffe7bf5c000 	C:\Program Files\Java\jdk-17\bin\vcruntime140_1.dll
0x00007ffe2d7c0000 - 0x00007ffe2d84d000 	C:\Program Files\Java\jdk-17\bin\msvcp140.dll
0x00007ffe0f2b0000 - 0x00007ffe0fe6e000 	C:\Program Files\Java\jdk-17\bin\server\jvm.dll
0x00007ffe87110000 - 0x00007ffe87118000 	C:\WINDOWS\System32\PSAPI.DLL
0x00007ffe788a0000 - 0x00007ffe788a9000 	C:\WINDOWS\SYSTEM32\WSOCK32.dll
0x00007ffe80230000 - 0x00007ffe80263000 	C:\WINDOWS\SYSTEM32\WINMM.dll
0x00007ffe86d50000 - 0x00007ffe86dbf000 	C:\WINDOWS\System32\WS2_32.dll
0x00007ffe83d50000 - 0x00007ffe83d68000 	C:\WINDOWS\SYSTEM32\kernel.appcore.dll
0x00007ffe7bc20000 - 0x00007ffe7bc2a000 	C:\Program Files\Java\jdk-17\bin\jimage.dll
0x00007ffe7c5f0000 - 0x00007ffe7c811000 	C:\WINDOWS\SYSTEM32\DBGHELP.DLL
0x00007ffe7c570000 - 0x00007ffe7c5a1000 	C:\WINDOWS\SYSTEM32\dbgcore.DLL
0x00007ffe85550000 - 0x00007ffe855cf000 	C:\WINDOWS\System32\bcryptPrimitives.dll
0x00007ffe61190000 - 0x00007ffe611b5000 	C:\Program Files\Java\jdk-17\bin\java.dll
0x00007ffe2b600000 - 0x00007ffe2b6d6000 	C:\Program Files\Java\jdk-17\bin\svml.dll
0x00007ffe85ab0000 - 0x00007ffe8625f000 	C:\WINDOWS\System32\SHELL32.dll
0x00007ffe82dc0000 - 0x00007ffe83628000 	C:\WINDOWS\SYSTEM32\windows.storage.dll
0x00007ffe869d0000 - 0x00007ffe86d48000 	C:\WINDOWS\System32\combase.dll
0x00007ffe82c50000 - 0x00007ffe82db6000 	C:\WINDOWS\SYSTEM32\wintypes.dll
0x00007ffe86f70000 - 0x00007ffe8705a000 	C:\WINDOWS\System32\SHCORE.dll
0x00007ffe86850000 - 0x00007ffe868ad000 	C:\WINDOWS\System32\shlwapi.dll
0x00007ffe84bc0000 - 0x00007ffe84be1000 	C:\WINDOWS\SYSTEM32\profapi.dll
0x00007ffe6bed0000 - 0x00007ffe6bee9000 	C:\Program Files\Java\jdk-17\bin\net.dll
0x00007ffe80120000 - 0x00007ffe8022c000 	C:\WINDOWS\SYSTEM32\WINHTTP.dll
0x00007ffe841e0000 - 0x00007ffe84247000 	C:\WINDOWS\system32\mswsock.dll
0x00007ffe6b310000 - 0x00007ffe6b325000 	C:\Program Files\Java\jdk-17\bin\nio.dll
0x00007ffe66dc0000 - 0x00007ffe66dd8000 	C:\Program Files\Java\jdk-17\bin\zip.dll
0x0000000053eb0000 - 0x0000000053ed9000 	C:\Users\jimmy\AppData\Local\Temp\libgdxjimmy\e787ab0a\gdx64.dll
0x00007ffe5e2e0000 - 0x00007ffe5e355000 	C:\Users\jimmy\AppData\Local\Temp\lwjgljimmy\3.3.1-build-7\lwjgl.dll
0x00007ffe2b8b0000 - 0x00007ffe2bb09000 	C:\Users\jimmy\AppData\Local\Temp\lwjgljimmy\3.3.1-build-7\jemalloc.dll
0x00007ffe6cb20000 - 0x00007ffe6cb81000 	C:\Users\jimmy\AppData\Local\Temp\lwjgljimmy\3.3.1-build-7\glfw.dll
0x00007ffe60560000 - 0x00007ffe605a5000 	C:\WINDOWS\SYSTEM32\dinput8.dll
0x00007ffe6fc20000 - 0x00007ffe6fc31000 	C:\WINDOWS\SYSTEM32\xinput1_4.dll
0x00007ffe849b0000 - 0x00007ffe849dc000 	C:\WINDOWS\SYSTEM32\DEVOBJ.dll
0x00007ffe84960000 - 0x00007ffe849ac000 	C:\WINDOWS\SYSTEM32\cfgmgr32.dll
0x00007ffe82740000 - 0x00007ffe8276f000 	C:\WINDOWS\SYSTEM32\dwmapi.dll
0x00007ffe6d5b0000 - 0x00007ffe6d779000 	C:\WINDOWS\SYSTEM32\inputhost.dll
0x00007ffe81fd0000 - 0x00007ffe82102000 	C:\WINDOWS\SYSTEM32\CoreMessaging.dll
0x00007ffe823c0000 - 0x00007ffe8246c000 	C:\WINDOWS\system32\uxtheme.dll
0x00007ffe843d0000 - 0x00007ffe843dc000 	C:\WINDOWS\SYSTEM32\CRYPTBASE.DLL
0x00007ffe868b0000 - 0x00007ffe869ce000 	C:\WINDOWS\System32\MSCTF.dll
0x00007ffe2b710000 - 0x00007ffe2b8a7000 	C:\Users\jimmy\AppData\Local\Temp\lwjgljimmy\3.3.1-build-7\OpenAL.dll
0x00007ffe85640000 - 0x00007ffe857da000 	C:\WINDOWS\System32\ole32.dll
0x00007ffe87060000 - 0x00007ffe8710f000 	C:\WINDOWS\System32\clbcatq.dll
0x00007ffe7f450000 - 0x00007ffe7f4ec000 	C:\WINDOWS\System32\MMDevApi.dll
0x00007ffe7f810000 - 0x00007ffe7f9e5000 	C:\WINDOWS\SYSTEM32\AUDIOSES.DLL
0x00007ffe82600000 - 0x00007ffe82615000 	C:\WINDOWS\SYSTEM32\resourcepolicyclient.dll
0x00007ffe84500000 - 0x00007ffe8454d000 	C:\WINDOWS\SYSTEM32\powrprof.dll
0x00007ffe844c0000 - 0x00007ffe844d3000 	C:\WINDOWS\SYSTEM32\UMPDC.dll
0x00007ffe34960000 - 0x00007ffe34a61000 	C:\WINDOWS\SYSTEM32\opengl32.dll
0x00007ffe7acf0000 - 0x00007ffe7ad1d000 	C:\WINDOWS\SYSTEM32\GLU32.dll
0x00007ffe824a0000 - 0x00007ffe824d8000 	C:\WINDOWS\SYSTEM32\dxcore.dll
0x00007ffe7bce0000 - 0x00007ffe7be14000 	C:\Windows\System32\AppXDeploymentClient.dll
0x00007ffe7ba30000 - 0x00007ffe7bc1f000 	C:\WINDOWS\SYSTEM32\urlmon.dll
0x00007ffe7b330000 - 0x00007ffe7b5e3000 	C:\Windows\System32\iertutil.dll
0x00007ffe83840000 - 0x00007ffe8384c000 	C:\Windows\System32\netutils.dll
0x00007ffe7ba00000 - 0x00007ffe7ba28000 	C:\Windows\System32\srvcli.dll
0x00007ffe419e0000 - 0x00007ffe44379000 	C:\WINDOWS\System32\DriverStore\FileRepository\nv_dispi.inf_amd64_1c83a5d7cffd7bff\nvoglv64.dll
0x00007ffe86390000 - 0x00007ffe867fc000 	C:\WINDOWS\System32\SETUPAPI.dll
0x00007ffe859d0000 - 0x00007ffe85aa6000 	C:\WINDOWS\System32\OLEAUT32.dll
0x00007ffe802a0000 - 0x00007ffe802b4000 	C:\WINDOWS\SYSTEM32\WTSAPI32.dll
0x00007ffe84580000 - 0x00007ffe84592000 	C:\WINDOWS\SYSTEM32\msasn1.dll
0x00007ffe7eea0000 - 0x00007ffe7eed1000 	C:\WINDOWS\SYSTEM32\cryptnet.dll
0x00007ffe84c90000 - 0x00007ffe84df2000 	C:\WINDOWS\System32\CRYPT32.dll
0x00007ffe855d0000 - 0x00007ffe85637000 	C:\WINDOWS\System32\WINTRUST.dll
0x00007ffe82620000 - 0x00007ffe82654000 	C:\WINDOWS\SYSTEM32\ntmarta.dll
0x00007ffe83e70000 - 0x00007ffe83ed3000 	C:\WINDOWS\SYSTEM32\WINSTA.dll
0x00007ffe5ea00000 - 0x00007ffe5ea5d000 	C:\Users\jimmy\AppData\Local\Temp\lwjgljimmy\3.3.1-build-7\lwjgl_opengl.dll
0x00007ffe70100000 - 0x00007ffe7022d000 	C:\WINDOWS\SYSTEM32\textinputframework.dll
0x00007ffe74980000 - 0x00007ffe74ced000 	C:\WINDOWS\SYSTEM32\CoreUIComponents.dll
0x0000000053e50000 - 0x0000000053eaa000 	C:\Users\jimmy\AppData\Local\Temp\libgdxjimmy\888fe1bc\gdx-box2d64.dll

dbghelp: loaded successfully - version: 4.0.5 - missing functions: none
symbol engine: initialized successfully - sym options: 0x614 - pdb path: .;C:\Program Files\Java\jdk-17\bin;C:\WINDOWS\SYSTEM32;C:\WINDOWS\WinSxS\amd64_microsoft.windows.common-controls_6595b64144ccf1df_6.0.22000.120_none_9d947278b86cc467;C:\Program Files\Java\jdk-17\bin\server;C:\Users\jimmy\AppData\Local\Temp\libgdxjimmy\e787ab0a;C:\Users\jimmy\AppData\Local\Temp\lwjgljimmy\3.3.1-build-7;C:\WINDOWS\System32\DriverStore\FileRepository\nv_dispi.inf_amd64_1c83a5d7cffd7bff;C:\Users\jimmy\AppData\Local\Temp\libgdxjimmy\888fe1bc

VM Arguments:
jvm_args: -Dfile.encoding=MS950 -XX:+ShowCodeDetailsInExceptionMessages 
java_command: com.mygdx.game.DesktopLauncher
java_class_path (initial): C:\Users\jimmy\Desktop\PD_2_Project\Libgdx\desktop\bin\main;\My GDX Game-core\bin\default;C:\Users\jimmy\Desktop\PD_2_Project\Libgdx\core\bin\main;C:\Users\jimmy\.gradle\caches\modules-2\files-2.1\com.badlogicgames.gdx\gdx-backend-lwjgl3\1.11.0\58a96db4cd349be4292d547856aa1e1c5f065f4e\gdx-backend-lwjgl3-1.11.0.jar;C:\Users\jimmy\.gradle\caches\modules-2\files-2.1\com.badlogicgames.gdx\gdx-platform\1.11.0\697fb13eada6d3c6ca648c9788692b0159add126\gdx-platform-1.11.0-natives-desktop.jar;C:\Users\jimmy\.gradle\caches\modules-2\files-2.1\com.badlogicgames.gdx\gdx-box2d-platform\1.11.0\62ff9baa1e57a11e0a4428a38c9660bf9f312fdc\gdx-box2d-platform-1.11.0-natives-desktop.jar;C:\Users\jimmy\.gradle\caches\modules-2\files-2.1\com.badlogicgames.gdx\gdx-box2d\1.11.0\ad4facee800dd945d6d6e93dea2936bc135b5f\gdx-box2d-1.11.0.jar;C:\Users\jimmy\.gradle\caches\modules-2\files-2.1\com.badlogicgames.gdx\gdx\1.11.0\ffe1206d1004cd9e40027e28964be0fea0399af7\gdx-1.11.0.jar;C:\Users\jimmy\.gradle\caches\modules-2\files-2.1\org.lwjgl\lwjgl-glfw\3.3.1\cbac1b8d30cb4795149c1ef540f912671a8616d0\lwjgl-glfw-3.3.1.jar;C:\Users\jimmy\.gradle\caches\modules-2\files-2.1\org.lwjgl\lwjgl-glfw\3.3.1\81716978214ecbda15050ca394b06ef61501a49e\lwjgl-glfw-3.3.1-natives-linux.jar;C:\Users\jimmy\.gradle\caches\modules-2\files-2.1\org.lwjgl\lwjgl-glfw\3.3.1\816d935933f2dd743074c4e717cc25b55720f294\lwjgl-glfw-3.3.1-natives-linux-arm32.jar;C:\Users\jimmy\.gradle\caches\modules-2\files-2.1\org.lwjgl\lwjgl-glfw\3.3.1\513eb39b866d0fe131a18d5c517087805433b029\lwjgl-glfw-3.3.1-natives-linux-arm64.jar;C:\Users\jimmy\.gradle\caches\modules-2\files-2.1\org.lwjgl\lwjgl-glfw\3.3.1\9ec4ce1fc8c85fdef03ef4ff2aace6f5775fb280\lwjgl-glfw-3.3.1-natives-macos.jar;C:\Users\jimmy\.gradle\caches\modules-2\files-2.1\org.lwjgl\lwjgl-glfw\3.3.1\cac0d3f712a3da7641fa174735a5f315de7ffe0a\lwjgl-glfw-3.3.1-natives-macos-arm64.jar;C:\Users\jimmy\.gradle\caches\modules-2\files-2.1\org.lwjgl\lwjgl-glfw\3.3.1\ed892f945c
Launcher Type: SUN_STANDARD

[Global flags]
     intx CICompilerCount                          = 12                                        {product} {ergonomic}
     uint ConcGCThreads                            = 4                                         {product} {ergonomic}
     uint G1ConcRefinementThreads                  = 15                                        {product} {ergonomic}
   size_t G1HeapRegionSize                         = 8388608                                   {product} {ergonomic}
    uintx GCDrainStackTargetSize                   = 64                                        {product} {ergonomic}
   size_t InitialHeapSize                          = 1073741824                                {product} {ergonomic}
   size_t MarkStackSize                            = 4194304                                   {product} {ergonomic}
   size_t MaxHeapSize                              = 17154703360                               {product} {ergonomic}
   size_t MaxNewSize                               = 10292822016                               {product} {ergonomic}
   size_t MinHeapDeltaBytes                        = 8388608                                   {product} {ergonomic}
   size_t MinHeapSize                              = 8388608                                   {product} {ergonomic}
    uintx NonNMethodCodeHeapSize                   = 7602480                                {pd product} {ergonomic}
    uintx NonProfiledCodeHeapSize                  = 122027880                              {pd product} {ergonomic}
    uintx ProfiledCodeHeapSize                     = 122027880                              {pd product} {ergonomic}
    uintx ReservedCodeCacheSize                    = 251658240                              {pd product} {ergonomic}
     bool SegmentedCodeCache                       = true                                      {product} {ergonomic}
     bool ShowCodeDetailsInExceptionMessages       = true                                   {manageable} {command line}
   size_t SoftMaxHeapSize                          = 17154703360                            {manageable} {ergonomic}
     bool UseCompressedClassPointers               = true                           {product lp64_product} {ergonomic}
     bool UseCompressedOops                        = true                           {product lp64_product} {ergonomic}
     bool UseG1GC                                  = true                                      {product} {ergonomic}
     bool UseLargePagesIndividualAllocation        = false                                  {pd product} {ergonomic}

Logging:
Log output configuration:
 #0: stdout all=warning uptime,level,tags
 #1: stderr all=off uptime,level,tags

Environment Variables:
JAVA_HOME=C:\Program Files\Java\jdk-17
PATH=C:\Program Files (x86)\VMware\VMware Workstation\bin\;C:\Program Files\Common Files\Oracle\Java\javapath;C:\WINDOWS\system32;C:\WINDOWS;C:\WINDOWS\System32\Wbem;C:\WINDOWS\System32\WindowsPowerShell\v1.0\;C:\WINDOWS\System32\OpenSSH\;C:\Program Files (x86)\VMware\VMware Workstation;C:\Program Files\Git\cmd;C:\Program Files\dotnet\;C:\Program Files (x86)\MySQL\MySQL Utilities 1.6\;C:\Program Files\MySQL\MySQL Server 5.5\bin;C:\Users\jimmy\AppData\Local\Programs\Python\Python39\Scripts\;C:\Users\jimmy\AppData\Local\Programs\Python\Python39\;C:\msys64\mingw64\bin;C:\msys64\usr\bin;C:\Program Files\Microsoft SQL Server\130\Tools\Binn\;C:\Program Files\Microsoft SQL Server\Client SDK\ODBC\170\Tools\Binn\;C:\Program Files (x86)\dotnet\;C:\Program Files\WireGuard\;C:\Users\jimmy\AppData\Local\Programs\Python\Python39\Scripts\;C:\Users\jimmy\AppData\Local\Programs\Python\Python39\;C:\Users\jimmy\AppData\Local\Microsoft\WindowsApps;C:\Users\jimmy\.dotnet\tools;C:\Users\jimmy\AppData\Local\Programs\Microsoft VS Code\bin;C:\Users\jimmy\AppData\Local\chia-blockchain\app-1.2.7\resources\app.asar.unpacked\daemon;C:\Program Files (x86)\Nmap;
USERNAME=jimmy
OS=Windows_NT
PROCESSOR_IDENTIFIER=Intel64 Family 6 Model 165 Stepping 5, GenuineIntel



---------------  S Y S T E M  ---------------

OS:
 Windows 10 , 64 bit Build 22000 (10.0.22000.675)
OS uptime: 26 days 0:51 hours
Hyper-V role detected

CPU: total 20 (initial active 20) (10 cores per cpu, 2 threads per core) family 6 model 165 stepping 5 microcode 0xe2, cx8, cmov, fxsr, ht, mmx, 3dnowpref, sse, sse2, sse3, ssse3, sse4.1, sse4.2, popcnt, lzcnt, tsc, tscinvbit, avx, avx2, aes, erms, clmul, bmi1, bmi2, adx, fma, vzeroupper, clflush, clflushopt, hv

Memory: 4k page, system-wide physical 65433M (23297M free)
TotalPageFile size 177069M (AvailPageFile size 17805M)
current process WorkingSet (physical memory assigned to process): 124M, peak: 124M
current process commit charge ("private bytes"): 1250M, peak: 1250M

vm_info: Java HotSpot(TM) 64-Bit Server VM (17+35-LTS-2724) for windows-amd64 JRE (17+35-LTS-2724), built on Aug  5 2021 23:28:28 by "mach5one" with MS VC++ 16.8 (VS2019)

END.
